JarHandlerWorkaroundOracle:setURLStreamHandlerFactory
JarHandlerWorkaroundOracle:replaceLauncherFactory
JarHandlerWorkaroundOracle:replaceURLClassPath
JarHandlerWorkaroundOracle:replacejarHandler
JarHandlerWorkaroundOracle:replaceLoaders:1
JarHandlerWorkaroundOracle:replaceLoader:0:handler
JarHandlerWorkaroundOracle:replaceLoader:0:handler:jar:file:/config/JDownloader.jar!/
INFO >> Prefer (merged) JSon Storage from File: /config/cfg/org.appwork.utils.logging2.LogConfig.json

THREAD: 1
1|Log.L.log 12/23/25 6:10:11 PM - INFO [ org.appwork.builddecision.BuildDecisions(status) ] -> ClassPath: /config/JDownloader.jar
1|Log.L.log 12/23/25 6:10:11 PM - INFO [ org.appwork.builddecision.BuildDecisions(status) ] ->            Ant-Version: Apache Ant 1.10.5
1|Log.L.log 12/23/25 6:10:11 PM - INFO [ org.appwork.builddecision.BuildDecisions(status) ] ->            Add-Opens: java.desktop/javax.swing.plaf.synth java.desktop/javax.swing.plaf.basic java.desktop/javax.swing java.desktop/javax.swing.tree java.desktop/java.awt.event
1|Log.L.log 12/23/25 6:10:11 PM - INFO [ org.appwork.builddecision.BuildDecisions(status) ] ->            Add-Exports: java.desktop/sun.swing java.desktop/sun.swing.table java.desktop/sun.swing.plaf.synth java.desktop/com.sun.java.swing.plaf.windows java.desktop/sun.awt.shell java.desktop/com.sun.awt java.base/sun.security.action
1|Log.L.log 12/23/25 6:10:11 PM - INFO [ org.appwork.builddecision.BuildDecisions(status) ] ->            Created-By: Appwork GmbH and JDownloader Community
1|Log.L.log 12/23/25 6:10:11 PM - INFO [ org.appwork.builddecision.BuildDecisions(status) ] ->            Manifest-Version: 1.0
1|Log.L.log 12/23/25 6:10:11 PM - INFO [ org.appwork.builddecision.BuildDecisions(status) ] ->            Main-Class: org.jdownloader.update.launcher.JDLauncher
1|Log.L.log 12/23/25 6:10:11 PM - INFO [ org.appwork.loggingv3.LogV3(info) ] -> Application Root: /config
SystemEntropyWorkaround:false
Multiple LogControllers Detected: org.appwork.utils.logging2.extmanager.LoggerFactory|Mode:NORMAL
Multiple LogControllers Detected: org.jdownloader.logging.LogController|org.jdownloader.logging.LogController@71e7a66b
1|Log.L.log 12/23/25 6:10:11 PM - INFO [ org.appwork.storage.JsonKeyValueStorage(<init>) ] -> Prefer (merged) JSon Storage from File: /config/cfg/org.jdownloader.update.lastchance.LastChanceConfig.json

THREAD: 1
1|org.jdownloader.update.launcher.SecondLevelLauncher.log 12/23/25 6:10:11 PM - INFO [ org.appwork.utils.Application(printSystemProperties) ] -> JVM: -XX:-UsePerfData
1|org.jdownloader.update.launcher.SecondLevelLauncher.log 12/23/25 6:10:11 PM - INFO [ org.appwork.utils.Application(printSystemProperties) ] -> JVM: -Dawt.useSystemAAFontSettings=gasp
1|org.jdownloader.update.launcher.SecondLevelLauncher.log 12/23/25 6:10:11 PM - INFO [ org.appwork.utils.Application(printSystemProperties) ] -> JVM: -Djava.awt.headless=false
1|org.jdownloader.update.launcher.SecondLevelLauncher.log 12/23/25 6:10:11 PM - INFO [ org.appwork.utils.Application(printSystemProperties) ] -> SysProp: java.runtime.name: OpenJDK Runtime Environment
1|org.jdownloader.update.launcher.SecondLevelLauncher.log 12/23/25 6:10:11 PM - INFO [ org.appwork.utils.Application(printSystemProperties) ] -> SysProp: awt.useSystemAAFontSettings: gasp
1|org.jdownloader.update.launcher.SecondLevelLauncher.log 12/23/25 6:10:11 PM - INFO [ org.appwork.utils.Application(printSystemProperties) ] -> SysProp: sun.boot.library.path: /usr/lib/jvm/java-1.8-openjdk/jre/lib/amd64
1|org.jdownloader.update.launcher.SecondLevelLauncher.log 12/23/25 6:10:11 PM - INFO [ org.appwork.utils.Application(printSystemProperties) ] -> SysProp: java.vm.version: 25.432-b06
1|org.jdownloader.update.launcher.SecondLevelLauncher.log 12/23/25 6:10:11 PM - INFO [ org.appwork.utils.Application(printSystemProperties) ] -> SysProp: java.vm.vendor: IcedTea
1|org.jdownloader.update.launcher.SecondLevelLauncher.log 12/23/25 6:10:11 PM - INFO [ org.appwork.utils.Application(printSystemProperties) ] -> SysProp: java.vendor.url: https://icedtea.classpath.org
1|org.jdownloader.update.launcher.SecondLevelLauncher.log 12/23/25 6:10:11 PM - INFO [ org.appwork.utils.Application(printSystemProperties) ] -> SysProp: path.separator: :
1|org.jdownloader.update.launcher.SecondLevelLauncher.log 12/23/25 6:10:11 PM - INFO [ org.appwork.utils.Application(printSystemProperties) ] -> SysProp: java.vm.name: OpenJDK 64-Bit Server VM
1|org.jdownloader.update.launcher.SecondLevelLauncher.log 12/23/25 6:10:11 PM - INFO [ org.appwork.utils.Application(printSystemProperties) ] -> SysProp: file.encoding.pkg: sun.io
1|org.jdownloader.update.launcher.SecondLevelLauncher.log 12/23/25 6:10:11 PM - INFO [ org.appwork.utils.Application(printSystemProperties) ] -> SysProp: com.sun.jndi.rmi.object.trustURLCodebase: false
1|org.jdownloader.update.launcher.SecondLevelLauncher.log 12/23/25 6:10:11 PM - INFO [ org.appwork.utils.Application(printSystemProperties) ] -> SysProp: user.country: US
1|org.jdownloader.update.launcher.SecondLevelLauncher.log 12/23/25 6:10:11 PM - INFO [ org.appwork.utils.Application(printSystemProperties) ] -> SysProp: sun.java.launcher: SUN_STANDARD
1|org.jdownloader.update.launcher.SecondLevelLauncher.log 12/23/25 6:10:11 PM - INFO [ org.appwork.utils.Application(printSystemProperties) ] -> SysProp: sun.os.patch.level: unknown
1|org.jdownloader.update.launcher.SecondLevelLauncher.log 12/23/25 6:10:11 PM - INFO [ org.appwork.utils.Application(printSystemProperties) ] -> SysProp: extlogmanager.avoidsystemclassloader.hack: sun.misc.Launcher$AppClassLoader@70dea4e
1|org.jdownloader.update.launcher.SecondLevelLauncher.log 12/23/25 6:10:11 PM - INFO [ org.appwork.utils.Application(printSystemProperties) ] -> SysProp: java.vm.specification.name: Java Virtual Machine Specification
1|org.jdownloader.update.launcher.SecondLevelLauncher.log 12/23/25 6:10:11 PM - INFO [ org.appwork.utils.Application(printSystemProperties) ] -> SysProp: user.dir: /etc/services.d/app
1|org.jdownloader.update.launcher.SecondLevelLauncher.log 12/23/25 6:10:11 PM - INFO [ org.appwork.utils.Application(printSystemProperties) ] -> SysProp: java.runtime.version: 1.8.0_432-b06
1|org.jdownloader.update.launcher.SecondLevelLauncher.log 12/23/25 6:10:11 PM - INFO [ org.appwork.utils.Application(printSystemProperties) ] -> SysProp: java.awt.graphicsenv: sun.awt.X11GraphicsEnvironment
1|org.jdownloader.update.launcher.SecondLevelLauncher.log 12/23/25 6:10:11 PM - INFO [ org.appwork.utils.Application(printSystemProperties) ] -> SysProp: java.util.Arrays.useLegacyMergeSort: true
1|org.jdownloader.update.launcher.SecondLevelLauncher.log 12/23/25 6:10:11 PM - INFO [ org.appwork.utils.Application(printSystemProperties) ] -> SysProp: java.endorsed.dirs: /usr/lib/jvm/java-1.8-openjdk/jre/lib/endorsed
1|org.jdownloader.update.launcher.SecondLevelLauncher.log 12/23/25 6:10:11 PM - INFO [ org.appwork.utils.Application(printSystemProperties) ] -> SysProp: os.arch: amd64
1|org.jdownloader.update.launcher.SecondLevelLauncher.log 12/23/25 6:10:11 PM - INFO [ org.appwork.utils.Application(printSystemProperties) ] -> SysProp: java.io.tmpdir: /tmp
1|org.jdownloader.update.launcher.SecondLevelLauncher.log 12/23/25 6:10:11 PM - INFO [ org.appwork.utils.Application(printSystemProperties) ] -> SysProp: line.separator: 

1|org.jdownloader.update.launcher.SecondLevelLauncher.log 12/23/25 6:10:11 PM - INFO [ org.appwork.utils.Application(printSystemProperties) ] -> SysProp: java.vm.specification.vendor: Oracle Corporation
1|org.jdownloader.update.launcher.SecondLevelLauncher.log 12/23/25 6:10:11 PM - INFO [ org.appwork.utils.Application(printSystemProperties) ] -> SysProp: java.util.logging.manager: org.appwork.utils.logging2.extmanager.ExtLogManager
1|org.jdownloader.update.launcher.SecondLevelLauncher.log 12/23/25 6:10:11 PM - INFO [ org.appwork.utils.Application(printSystemProperties) ] -> SysProp: os.name: Linux
1|org.jdownloader.update.launcher.SecondLevelLauncher.log 12/23/25 6:10:11 PM - INFO [ org.appwork.utils.Application(printSystemProperties) ] -> SysProp: com.sun.jndi.ldap.object.trustURLCodebase: false
1|org.jdownloader.update.launcher.SecondLevelLauncher.log 12/23/25 6:10:11 PM - INFO [ org.appwork.utils.Application(printSystemProperties) ] -> SysProp: sun.jnu.encoding: UTF-8
1|org.jdownloader.update.launcher.SecondLevelLauncher.log 12/23/25 6:10:11 PM - INFO [ org.appwork.utils.Application(printSystemProperties) ] -> SysProp: java.net.preferIPv6Addresses: system
1|org.jdownloader.update.launcher.SecondLevelLauncher.log 12/23/25 6:10:11 PM - INFO [ org.appwork.utils.Application(printSystemProperties) ] -> SysProp: java.library.path: /usr/lib/jvm/java-1.8-openjdk/jre/lib/amd64/server:/usr/lib/jvm/java-1.8-openjdk/jre/lib/amd64:/usr/lib/jvm/java-1.8-openjdk/jre/../lib/amd64:/usr/java/packages/lib/amd64:/usr/lib64:/lib64:/lib:/usr/lib
1|org.jdownloader.update.launcher.SecondLevelLauncher.log 12/23/25 6:10:11 PM - INFO [ org.appwork.utils.Application(printSystemProperties) ] -> SysProp: java.specification.name: Java Platform API Specification
1|org.jdownloader.update.launcher.SecondLevelLauncher.log 12/23/25 6:10:11 PM - INFO [ org.appwork.utils.Application(printSystemProperties) ] -> SysProp: java.class.version: 52.0
1|org.jdownloader.update.launcher.SecondLevelLauncher.log 12/23/25 6:10:11 PM - INFO [ org.appwork.utils.Application(printSystemProperties) ] -> SysProp: sun.management.compiler: HotSpot 64-Bit Tiered Compilers
1|org.jdownloader.update.launcher.SecondLevelLauncher.log 12/23/25 6:10:11 PM - INFO [ org.appwork.utils.Application(printSystemProperties) ] -> SysProp: org.appwork.LoggerFactory: org.appwork.utils.logging2.LogSourceRedirector
1|org.jdownloader.update.launcher.SecondLevelLauncher.log 12/23/25 6:10:11 PM - INFO [ org.appwork.utils.Application(printSystemProperties) ] -> SysProp: os.version: 6.18.2-arch2-1
1|org.jdownloader.update.launcher.SecondLevelLauncher.log 12/23/25 6:10:11 PM - INFO [ org.appwork.utils.Application(printSystemProperties) ] -> SysProp: classloader_00000001: org.jdownloader.update.launcher.CL2
1|org.jdownloader.update.launcher.SecondLevelLauncher.log 12/23/25 6:10:11 PM - INFO [ org.appwork.utils.Application(printSystemProperties) ] -> SysProp: java.rmi.server.useCodebaseOnly: true
1|org.jdownloader.update.launcher.SecondLevelLauncher.log 12/23/25 6:10:11 PM - INFO [ org.appwork.utils.Application(printSystemProperties) ] -> SysProp: classloader_00000000: org.jdownloader.update.launcher.ClassLoaderExtensionImpl
1|org.jdownloader.update.launcher.SecondLevelLauncher.log 12/23/25 6:10:11 PM - INFO [ org.appwork.utils.Application(printSystemProperties) ] -> SysProp: user.home: /dev/null
1|org.jdownloader.update.launcher.SecondLevelLauncher.log 12/23/25 6:10:11 PM - INFO [ org.appwork.utils.Application(printSystemProperties) ] -> SysProp: user.timezone: Asia/Dhaka
1|org.jdownloader.update.launcher.SecondLevelLauncher.log 12/23/25 6:10:11 PM - INFO [ org.appwork.utils.Application(printSystemProperties) ] -> SysProp: java.awt.printerjob: sun.print.PSPrinterJob
1|org.jdownloader.update.launcher.SecondLevelLauncher.log 12/23/25 6:10:11 PM - INFO [ org.appwork.utils.Application(printSystemProperties) ] -> SysProp: file.encoding: UTF-8
1|org.jdownloader.update.launcher.SecondLevelLauncher.log 12/23/25 6:10:11 PM - INFO [ org.appwork.utils.Application(printSystemProperties) ] -> SysProp: java.specification.version: 1.8
1|org.jdownloader.update.launcher.SecondLevelLauncher.log 12/23/25 6:10:11 PM - INFO [ org.appwork.utils.Application(printSystemProperties) ] -> SysProp: java.class.path: /config/JDownloader.jar
1|org.jdownloader.update.launcher.SecondLevelLauncher.log 12/23/25 6:10:11 PM - INFO [ org.appwork.utils.Application(printSystemProperties) ] -> SysProp: user.name: app
1|org.jdownloader.update.launcher.SecondLevelLauncher.log 12/23/25 6:10:11 PM - INFO [ org.appwork.utils.Application(printSystemProperties) ] -> SysProp: java.vm.specification.version: 1.8
1|org.jdownloader.update.launcher.SecondLevelLauncher.log 12/23/25 6:10:11 PM - INFO [ org.appwork.utils.Application(printSystemProperties) ] -> SysProp: sun.java.command: /config/JDownloader.jar
1|org.jdownloader.update.launcher.SecondLevelLauncher.log 12/23/25 6:10:11 PM - INFO [ org.appwork.utils.Application(printSystemProperties) ] -> SysProp: java.home: /usr/lib/jvm/java-1.8-openjdk/jre
1|org.jdownloader.update.launcher.SecondLevelLauncher.log 12/23/25 6:10:11 PM - INFO [ org.appwork.utils.Application(printSystemProperties) ] -> SysProp: sun.arch.data.model: 64
1|org.jdownloader.update.launcher.SecondLevelLauncher.log 12/23/25 6:10:11 PM - INFO [ org.appwork.utils.Application(printSystemProperties) ] -> SysProp: user.language: en
1|org.jdownloader.update.launcher.SecondLevelLauncher.log 12/23/25 6:10:11 PM - INFO [ org.appwork.utils.Application(printSystemProperties) ] -> SysProp: java.specification.vendor: Oracle Corporation
1|org.jdownloader.update.launcher.SecondLevelLauncher.log 12/23/25 6:10:11 PM - INFO [ org.appwork.utils.Application(printSystemProperties) ] -> SysProp: awt.toolkit: sun.awt.X11.XToolkit
1|org.jdownloader.update.launcher.SecondLevelLauncher.log 12/23/25 6:10:11 PM - INFO [ org.appwork.utils.Application(printSystemProperties) ] -> SysProp: java.vm.info: mixed mode
1|org.jdownloader.update.launcher.SecondLevelLauncher.log 12/23/25 6:10:11 PM - INFO [ org.appwork.utils.Application(printSystemProperties) ] -> SysProp: java.version: 1.8.0_432
1|org.jdownloader.update.launcher.SecondLevelLauncher.log 12/23/25 6:10:11 PM - INFO [ org.appwork.utils.Application(printSystemProperties) ] -> SysProp: java.ext.dirs: /usr/lib/jvm/java-1.8-openjdk/jre/lib/ext:/usr/java/packages/lib/ext
1|org.jdownloader.update.launcher.SecondLevelLauncher.log 12/23/25 6:10:11 PM - INFO [ org.appwork.utils.Application(printSystemProperties) ] -> AUTO_WRAPPED>
SysProp: sun.boot.class.path: /usr/lib/jvm/java-1.8-openjdk/jre/lib/resources.jar:/usr/lib/jvm/java-1.8-openjdk/jre/lib/rt.jar:/usr/lib/jvm/java-1.8-openjdk/jre/lib/sunrsasign.jar:/usr/lib/jvm/java-1.8-openjdk/jre/lib/jsse.jar:/usr/lib/jvm/java-1.8-openjdk/jre/lib/jce.jar:/usr/lib/jvm/java-1.8-openjdk/jre/lib/charsets.jar:/usr/lib/jvm/java-1.8-openjdk/jre/lib/jfr.jar:/usr/lib/jvm/java-1.8-openjdk/
jre/classe
1|org.jdownloader.update.launcher.SecondLevelLauncher.log 12/23/25 6:10:11 PM - INFO [ org.appwork.utils.Application(printSystemProperties) ] -> SysProp: java.awt.headless: false
1|org.jdownloader.update.launcher.SecondLevelLauncher.log 12/23/25 6:10:11 PM - INFO [ org.appwork.utils.Application(printSystemProperties) ] -> SysProp: java.vendor: IcedTea
1|org.jdownloader.update.launcher.SecondLevelLauncher.log 12/23/25 6:10:11 PM - INFO [ org.appwork.utils.Application(printSystemProperties) ] -> SysProp: java.specification.maintenance.version: 6
1|org.jdownloader.update.launcher.SecondLevelLauncher.log 12/23/25 6:10:11 PM - INFO [ org.appwork.utils.Application(printSystemProperties) ] -> SysProp: file.separator: /
1|org.jdownloader.update.launcher.SecondLevelLauncher.log 12/23/25 6:10:11 PM - INFO [ org.appwork.utils.Application(printSystemProperties) ] -> SysProp: k: 0dd0ecf7f742873d745106adea00b64a
1|org.jdownloader.update.launcher.SecondLevelLauncher.log 12/23/25 6:10:11 PM - INFO [ org.appwork.utils.Application(printSystemProperties) ] -> SysProp: com.sun.jndi.cosnaming.object.trustURLCodebase: false
1|org.jdownloader.update.launcher.SecondLevelLauncher.log 12/23/25 6:10:11 PM - INFO [ org.appwork.utils.Application(printSystemProperties) ] -> SysProp: java.vendor.url.bug: https://icedtea.classpath.org/bugzilla
1|org.jdownloader.update.launcher.SecondLevelLauncher.log 12/23/25 6:10:11 PM - INFO [ org.appwork.utils.Application(printSystemProperties) ] -> SysProp: LOG_INIT_DONE: 2 instances
1|org.jdownloader.update.launcher.SecondLevelLauncher.log 12/23/25 6:10:11 PM - INFO [ org.appwork.utils.Application(printSystemProperties) ] -> SysProp: sun.io.unicode.encoding: UnicodeLittle
1|org.jdownloader.update.launcher.SecondLevelLauncher.log 12/23/25 6:10:11 PM - INFO [ org.appwork.utils.Application(printSystemProperties) ] -> SysProp: sun.cpu.endian: little
1|org.jdownloader.update.launcher.SecondLevelLauncher.log 12/23/25 6:10:11 PM - INFO [ org.appwork.utils.Application(printSystemProperties) ] -> SysProp: sun.cpu.isalist: 
1|org.jdownloader.update.launcher.SecondLevelLauncher.log 12/23/25 6:10:11 PM - INFO [ org.appwork.utils.Application(printSystemProperties) ] -> SysEnv: PATH: /usr/local/sbin:/usr/local/bin:/usr/sbin:/usr/bin:/sbin:/bin:/opt/base/sbin:/opt/base/bin
1|org.jdownloader.update.launcher.SecondLevelLauncher.log 12/23/25 6:10:11 PM - INFO [ org.appwork.utils.Application(printSystemProperties) ] -> SysEnv: TZ: Asia/Dhaka
1|org.jdownloader.update.launcher.SecondLevelLauncher.log 12/23/25 6:10:11 PM - INFO [ org.appwork.utils.Application(printSystemProperties) ] -> SysEnv: WEB_FILE_MANAGER_DENIED_PATHS: 
1|org.jdownloader.update.launcher.SecondLevelLauncher.log 12/23/25 6:10:11 PM - INFO [ org.appwork.utils.Application(printSystemProperties) ] -> SysEnv: MYJDOWNLOADER_DEVICE_NAME: 
1|org.jdownloader.update.launcher.SecondLevelLauncher.log 12/23/25 6:10:11 PM - INFO [ org.appwork.utils.Application(printSystemProperties) ] -> SysEnv: APP_NAME: JDownloader 2
1|org.jdownloader.update.launcher.SecondLevelLauncher.log 12/23/25 6:10:11 PM - INFO [ org.appwork.utils.Application(printSystemProperties) ] -> SysEnv: USER_ID: 1000
1|org.jdownloader.update.launcher.SecondLevelLauncher.log 12/23/25 6:10:11 PM - INFO [ org.appwork.utils.Application(printSystemProperties) ] -> SysEnv: WEB_NOTIFICATION: 0
1|org.jdownloader.update.launcher.SecondLevelLauncher.log 12/23/25 6:10:11 PM - INFO [ org.appwork.utils.Application(printSystemProperties) ] -> SysEnv: WEB_AUTHENTICATION_PASSWORD: 
1|org.jdownloader.update.launcher.SecondLevelLauncher.log 12/23/25 6:10:11 PM - INFO [ org.appwork.utils.Application(printSystemProperties) ] -> SysEnv: DBUS_SESSION_BUS_ADDRESS: unix:path=/tmp/dbus.base
1|org.jdownloader.update.launcher.SecondLevelLauncher.log 12/23/25 6:10:11 PM - INFO [ org.appwork.utils.Application(printSystemProperties) ] -> SysEnv: CONTAINER_DEBUG: 0
1|org.jdownloader.update.launcher.SecondLevelLauncher.log 12/23/25 6:10:11 PM - INFO [ org.appwork.utils.Application(printSystemProperties) ] -> SysEnv: KEEP_APP_RUNNING: 0
1|org.jdownloader.update.launcher.SecondLevelLauncher.log 12/23/25 6:10:11 PM - INFO [ org.appwork.utils.Application(printSystemProperties) ] -> SysEnv: UMASK: 0022
1|org.jdownloader.update.launcher.SecondLevelLauncher.log 12/23/25 6:10:11 PM - INFO [ org.appwork.utils.Application(printSystemProperties) ] -> SysEnv: SUP_GROUP_IDS_INTERNAL_GPU: 
1|org.jdownloader.update.launcher.SecondLevelLauncher.log 12/23/25 6:10:11 PM - INFO [ org.appwork.utils.Application(printSystemProperties) ] -> SysEnv: SUP_GROUP_IDS: 
1|org.jdownloader.update.launcher.SecondLevelLauncher.log 12/23/25 6:10:11 PM - INFO [ org.appwork.utils.Application(printSystemProperties) ] -> SysEnv: XDG_CACHE_HOME: /config/xdg/cache
1|org.jdownloader.update.launcher.SecondLevelLauncher.log 12/23/25 6:10:11 PM - INFO [ org.appwork.utils.Application(printSystemProperties) ] -> SysEnv: XDG_STATE_HOME: /config/xdg/state
1|org.jdownloader.update.launcher.SecondLevelLauncher.log 12/23/25 6:10:11 PM - INFO [ org.appwork.utils.Application(printSystemProperties) ] -> SysEnv: JDOWNLOADER_MAX_MEM: 
1|org.jdownloader.update.launcher.SecondLevelLauncher.log 12/23/25 6:10:11 PM - INFO [ org.appwork.utils.Application(printSystemProperties) ] -> SysEnv: LD_LIBRARY_PATH: /usr/lib/jvm/java-1.8-openjdk/jre/lib/amd64/server:/usr/lib/jvm/java-1.8-openjdk/jre/lib/amd64:/usr/lib/jvm/java-1.8-openjdk/jre/../lib/amd64
1|org.jdownloader.update.launcher.SecondLevelLauncher.log 12/23/25 6:10:11 PM - INFO [ org.appwork.utils.Application(printSystemProperties) ] -> SysEnv: ENABLE_CJK_FONT: 0
1|org.jdownloader.update.launcher.SecondLevelLauncher.log 12/23/25 6:10:11 PM - INFO [ org.appwork.utils.Application(printSystemProperties) ] -> SysEnv: PWD: /etc/services.d/app
1|org.jdownloader.update.launcher.SecondLevelLauncher.log 12/23/25 6:10:11 PM - INFO [ org.appwork.utils.Application(printSystemProperties) ] -> SysEnv:    : /opt/base/sbin/cinit
1|org.jdownloader.update.launcher.SecondLevelLauncher.log 12/23/25 6:10:11 PM - INFO [ org.appwork.utils.Application(printSystemProperties) ] -> SysEnv: TAKE_CONFIG_OWNERSHIP: 1
1|org.jdownloader.update.launcher.SecondLevelLauncher.log 12/23/25 6:10:11 PM - INFO [ org.appwork.utils.Application(printSystemProperties) ] -> SysEnv: WEB_AUTHENTICATION_USERNAME: 
1|org.jdownloader.update.launcher.SecondLevelLauncher.log 12/23/25 6:10:11 PM - INFO [ org.appwork.utils.Application(printSystemProperties) ] -> SysEnv: GTK_A11Y: none
1|org.jdownloader.update.launcher.SecondLevelLauncher.log 12/23/25 6:10:11 PM - INFO [ org.appwork.utils.Application(printSystemProperties) ] -> SysEnv: GROUP_ID: 1000
1|org.jdownloader.update.launcher.SecondLevelLauncher.log 12/23/25 6:10:11 PM - INFO [ org.appwork.utils.Application(printSystemProperties) ] -> SysEnv: DOCKER_IMAGE_VERSION: 25.12.3
1|org.jdownloader.update.launcher.SecondLevelLauncher.log 12/23/25 6:10:11 PM - INFO [ org.appwork.utils.Application(printSystemProperties) ] -> SysEnv: VNC_LOCALHOST_ONLY: 0
1|org.jdownloader.update.launcher.SecondLevelLauncher.log 12/23/25 6:10:11 PM - INFO [ org.appwork.utils.Application(printSystemProperties) ] -> SysEnv: SECURE_CONNECTION_CERTS_CHECK_INTERVAL: 60
1|org.jdownloader.update.launcher.SecondLevelLauncher.log 12/23/25 6:10:11 PM - INFO [ org.appwork.utils.Application(printSystemProperties) ] -> SysEnv: JDOWNLOADER_HEADLESS: 0
1|org.jdownloader.update.launcher.SecondLevelLauncher.log 12/23/25 6:10:11 PM - INFO [ org.appwork.utils.Application(printSystemProperties) ] -> SysEnv: WEB_FILE_MANAGER_ALLOWED_PATHS: AUTO
1|org.jdownloader.update.launcher.SecondLevelLauncher.log 12/23/25 6:10:11 PM - INFO [ org.appwork.utils.Application(printSystemProperties) ] -> SysEnv: EGL_LOG_LEVEL: fatal
1|org.jdownloader.update.launcher.SecondLevelLauncher.log 12/23/25 6:10:11 PM - INFO [ org.appwork.utils.Application(printSystemProperties) ] -> SysEnv: SHLVL: 3
1|org.jdownloader.update.launcher.SecondLevelLauncher.log 12/23/25 6:10:11 PM - INFO [ org.appwork.utils.Application(printSystemProperties) ] -> SysEnv: DARK_MODE: 0
1|org.jdownloader.update.launcher.SecondLevelLauncher.log 12/23/25 6:10:11 PM - INFO [ org.appwork.utils.Application(printSystemProperties) ] -> SysEnv: APP_NICENESS: 0
1|org.jdownloader.update.launcher.SecondLevelLauncher.log 12/23/25 6:10:11 PM - INFO [ org.appwork.utils.Application(printSystemProperties) ] -> SysEnv: INSTALL_PACKAGES: 
1|org.jdownloader.update.launcher.SecondLevelLauncher.log 12/23/25 6:10:11 PM - INFO [ org.appwork.utils.Application(printSystemProperties) ] -> SysEnv: WEB_LOCALHOST_ONLY: 0
1|org.jdownloader.update.launcher.SecondLevelLauncher.log 12/23/25 6:10:11 PM - INFO [ org.appwork.utils.Application(printSystemProperties) ] -> SysEnv: WEB_FILE_MANAGER: 0
1|org.jdownloader.update.launcher.SecondLevelLauncher.log 12/23/25 6:10:11 PM - INFO [ org.appwork.utils.Application(printSystemProperties) ] -> SysEnv: PUID: 1000
1|org.jdownloader.update.launcher.SecondLevelLauncher.log 12/23/25 6:10:11 PM - INFO [ org.appwork.utils.Application(printSystemProperties) ] -> SysEnv: PACKAGES_MIRROR: 
1|org.jdownloader.update.launcher.SecondLevelLauncher.log 12/23/25 6:10:11 PM - INFO [ org.appwork.utils.Application(printSystemProperties) ] -> SysEnv: ENV: /root/.docker_rc
1|org.jdownloader.update.launcher.SecondLevelLauncher.log 12/23/25 6:10:11 PM - INFO [ org.appwork.utils.Application(printSystemProperties) ] -> SysEnv: LANG: en_US.UTF-8
1|org.jdownloader.update.launcher.SecondLevelLauncher.log 12/23/25 6:10:11 PM - INFO [ org.appwork.utils.Application(printSystemProperties) ] -> SysEnv: WEB_AUDIO: 0
1|org.jdownloader.update.launcher.SecondLevelLauncher.log 12/23/25 6:10:11 PM - INFO [ org.appwork.utils.Application(printSystemProperties) ] -> SysEnv: WEB_AUTHENTICATION_TOKEN_VALIDITY_TIME: 24
1|org.jdownloader.update.launcher.SecondLevelLauncher.log 12/23/25 6:10:11 PM - INFO [ org.appwork.utils.Application(printSystemProperties) ] -> SysEnv: DISPLAY: :0
1|org.jdownloader.update.launcher.SecondLevelLauncher.log 12/23/25 6:10:11 PM - INFO [ org.appwork.utils.Application(printSystemProperties) ] -> SysEnv: WEB_LISTENING_PORT: 5800
1|org.jdownloader.update.launcher.SecondLevelLauncher.log 12/23/25 6:10:11 PM - INFO [ org.appwork.utils.Application(printSystemProperties) ] -> SysEnv: DISPLAY_WIDTH: 1920
1|org.jdownloader.update.launcher.SecondLevelLauncher.log 12/23/25 6:10:11 PM - INFO [ org.appwork.utils.Application(printSystemProperties) ] -> SysEnv: GSK_RENDERER: cairo
1|org.jdownloader.update.launcher.SecondLevelLauncher.log 12/23/25 6:10:11 PM - INFO [ org.appwork.utils.Application(printSystemProperties) ] -> SysEnv: XDG_DATA_HOME: /config/xdg/data
1|org.jdownloader.update.launcher.SecondLevelLauncher.log 12/23/25 6:10:11 PM - INFO [ org.appwork.utils.Application(printSystemProperties) ] -> SysEnv: VNC_PASSWORD: 
1|org.jdownloader.update.launcher.SecondLevelLauncher.log 12/23/25 6:10:11 PM - INFO [ org.appwork.utils.Application(printSystemProperties) ] -> SysEnv: VNC_LISTENING_PORT: 5900
1|org.jdownloader.update.launcher.SecondLevelLauncher.log 12/23/25 6:10:11 PM - INFO [ org.appwork.utils.Application(printSystemProperties) ] -> SysEnv: DISPLAY_HEIGHT: 1080
1|org.jdownloader.update.launcher.SecondLevelLauncher.log 12/23/25 6:10:11 PM - INFO [ org.appwork.utils.Application(printSystemProperties) ] -> SysEnv: XDG_CONFIG_HOME: /config/xdg/config
1|org.jdownloader.update.launcher.SecondLevelLauncher.log 12/23/25 6:10:11 PM - INFO [ org.appwork.utils.Application(printSystemProperties) ] -> SysEnv: DOCKER_IMAGE_PLATFORM: linux/amd64
1|org.jdownloader.update.launcher.SecondLevelLauncher.log 12/23/25 6:10:11 PM - INFO [ org.appwork.utils.Application(printSystemProperties) ] -> SysEnv: WEB_AUTHENTICATION: 0
1|org.jdownloader.update.launcher.SecondLevelLauncher.log 12/23/25 6:10:11 PM - INFO [ org.appwork.utils.Application(printSystemProperties) ] -> SysEnv: HOSTNAME: bc68eb204078
1|org.jdownloader.update.launcher.SecondLevelLauncher.log 12/23/25 6:10:11 PM - INFO [ org.appwork.utils.Application(printSystemProperties) ] -> SysEnv: SECURE_CONNECTION_VNC_METHOD: SSL
1|org.jdownloader.update.launcher.SecondLevelLauncher.log 12/23/25 6:10:11 PM - INFO [ org.appwork.utils.Application(printSystemProperties) ] -> SysEnv: PGID: 1000
1|org.jdownloader.update.launcher.SecondLevelLauncher.log 12/23/25 6:10:11 PM - INFO [ org.appwork.utils.Application(printSystemProperties) ] -> SysEnv: NO_AT_BRIDGE: 1
1|org.jdownloader.update.launcher.SecondLevelLauncher.log 12/23/25 6:10:11 PM - INFO [ org.appwork.utils.Application(printSystemProperties) ] -> SysEnv: XDG_RUNTIME_DIR: /tmp/run/user/app
1|org.jdownloader.update.launcher.SecondLevelLauncher.log 12/23/25 6:10:11 PM - INFO [ org.appwork.utils.Application(printSystemProperties) ] -> SysEnv: SECURE_CONNECTION: 0
1|org.jdownloader.update.launcher.SecondLevelLauncher.log 12/23/25 6:10:11 PM - INFO [ org.appwork.utils.Application(printSystemProperties) ] -> SysEnv: HOME: /root
1|org.jdownloader.update.launcher.SecondLevelLauncher.log 12/23/25 6:10:11 PM - INFO [ org.appwork.utils.Application(printSystemProperties) ] -> jar:file:/config/JDownloader.jar!/version.nfo:
${updateclient.revision}
1|org.jdownloader.update.launcher.SecondLevelLauncher.log 12/23/25 6:10:11 PM - INFO [ org.appwork.utils.Application(printSystemProperties) ] -> file:/config/build.json:
{"JDownloaderServerOptionsRevision":6399,"buildTimestamp":1766490632119,"UpdateClientV2Revision":1061,"JDownloaderUpdaterRevision":5770,"AppWorkUtilsRevision":4055,"JDBrowserRevision":51993,"JDClosedRevision":1048,"MyJDownloaderClientRevision":49320,"buildDate":"Tue Dec 23 12:50:32 CET 2025","JDownloaderRevision":50639}
1|org.jdownloader.update.launcher.SecondLevelLauncher.log 12/23/25 6:10:11 PM - INFO [ org.appwork.utils.Application(printSystemProperties) ] -> ant-version: Apache Ant 1.10.5
1|org.jdownloader.update.launcher.SecondLevelLauncher.log 12/23/25 6:10:11 PM - INFO [ org.appwork.utils.Application(printSystemProperties) ] -> add-opens: java.desktop/javax.swing.plaf.synth java.desktop/javax.swin
1|org.jdownloader.update.launcher.SecondLevelLauncher.log 12/23/25 6:10:11 PM - INFO [ org.appwork.utils.Application(printSystemProperties) ] -> add-exports: java.desktop/sun.swing java.desktop/sun.swing.table java.
1|org.jdownloader.update.launcher.SecondLevelLauncher.log 12/23/25 6:10:11 PM - INFO [ org.appwork.utils.Application(printSystemProperties) ] -> created-by: Appwork GmbH and JDownloader Community
1|org.jdownloader.update.launcher.SecondLevelLauncher.log 12/23/25 6:10:11 PM - INFO [ org.appwork.utils.Application(printSystemProperties) ] -> manifest-version: 1.0
1|org.jdownloader.update.launcher.SecondLevelLauncher.log 12/23/25 6:10:11 PM - INFO [ org.appwork.utils.Application(printSystemProperties) ] -> main-class: org.jdownloader.update.launcher.JDLauncher
1|org.jdownloader.update.launcher.SecondLevelLauncher.log 12/23/25 6:10:11 PM - INFO [ org.appwork.utils.Application(printSystemProperties) ] -> /config/JDownloader.jar- lastModified: 12/23/25 6:06:24 PM
1|org.jdownloader.update.launcher.SecondLevelLauncher.log 12/23/25 6:10:11 PM - INFO [ org.jdownloader.update.launcher.SecondLevelLauncher(init) ] -> Args: []
1|org.jdownloader.updatev2.restart.LinuxRestarter.log 12/23/25 6:10:11 PM - INFO [ org.jdownloader.updatev2.restart.Restarter(<init>) ] -> Create Restarter
1|org.jdownloader.update.launcher.SecondLevelLauncher.log 12/23/25 6:10:11 PM - INFO [ org.jdownloader.update.launcher.SecondLevelLauncher(init) ] -> Restart Controller init done in 30
1|org.jdownloader.update.launcher.SecondLevelLauncher.log 12/23/25 6:10:11 PM - INFO [ org.jdownloader.update.launcher.SecondLevelLauncher(init) ] -> Parse Arguments
1|org.jdownloader.update.launcher.SecondLevelLauncher.log 12/23/25 6:10:11 PM - INFO [ org.jdownloader.update.launcher.SecondLevelLauncher(init) ] -> Parameter Parse done in 0
1|org.jdownloader.update.launcher.SecondLevelLauncher.log 12/23/25 6:10:11 PM - INFO [ org.jdownloader.update.launcher.SecondLevelLauncher(init) ] -> Single Instance Controller
1|org.jdownloader.update.launcher.SecondLevelLauncher.log 12/23/25 6:10:11 PM - INFO [ org.jdownloader.update.launcher.SecondLevelLauncher(init) ] -> Single Instance init done in 22
1|org.jdownloader.update.launcher.SecondLevelLauncher.log 12/23/25 6:10:11 PM - INFO [ org.jdownloader.update.launcher.SecondLevelLauncher(init) ] -> Init UpdateManager
1|Log.L.log 12/23/25 6:10:11 PM - INFO [ org.appwork.storage.JsonKeyValueStorage(<init>) ] -> Prefer (merged) JSon Storage from File: /config/cfg/org.jdownloader.updatev2.UpdateSettings.json
1|Log.L.log 12/23/25 6:10:11 PM - INFO [ org.appwork.storage.JsonKeyValueStorage(<init>) ] -> Load JSon Storage from Classpath url: jar:file:/config/JDownloader.jar!/cfg/updateclient/Setup.json
1|Log.L.log 12/23/25 6:10:11 PM - INFO [ org.appwork.storage.JsonKeyValueStorage(<init>) ] -> Prefer (merged) JSon Storage from File: /config/cfg/updateclient/Setup.json
1|Log.L.log 12/23/25 6:10:11 PM - FINER [ org.appwork.loggingv3.LogV3(finer) ] -> Init StorageHandler for Interface:org.appwork.updatesys.client.Setup|Path:/config/cfg/updateclient/Setup
1|org.jdownloader.update.UpdateManager.log 12/23/25 6:10:11 PM - FINE [ org.jdownloader.update.UpdateManager(<init>) ] -> ClientSetup 4

THREAD: 20
20|Log.L.log 12/23/25 6:10:11 PM - INFO [ org.appwork.storage.JsonKeyValueStorage(<init>) ] -> Prefer (merged) JSon Storage from File: /config/cfg/org.jdownloader.settings.InternetConnectionSettings.json
20|Log.L.log 12/23/25 6:10:11 PM - FINER [ org.appwork.loggingv3.LogV3(finer) ] -> Init StorageHandler for Interface:org.jdownloader.updatev2.InternetConnectionSettings|Path:/config/cfg/org.jdownloader.settings.InternetConnectionSettings
20|Log.L.log 12/23/25 6:10:11 PM - INFO [ org.appwork.storage.JsonKeyValueStorage(<init>) ] -> Load JSon Storage from Classpath url: jar:file:/config/JDownloader.jar!/cfg/updateclient/HttpSettings.json
20|Log.L.log 12/23/25 6:10:11 PM - INFO [ org.appwork.storage.JsonKeyValueStorage(<init>) ] -> CFG File does not exist: /config/cfg/updateclient/HttpSettings.json
20|Log.L.log 12/23/25 6:10:11 PM - FINER [ org.appwork.loggingv3.LogV3(finer) ] -> Init StorageHandler for Interface:org.appwork.updatesys.client.defaultimpl.http.UpdateHttpClientOptions|Path:/config/cfg/updateclient/HttpSettings
20|Log.L.log 12/23/25 6:10:11 PM - INFO [ org.appwork.storage.JsonKeyValueStorage(<init>) ] -> CFG File does not exist: /config/cfg/ProxySelector.json
20|Log.L.log 12/23/25 6:10:11 PM - FINER [ org.appwork.loggingv3.LogV3(finer) ] -> Init StorageHandler for Interface:org.appwork.updatesys.client.defaultimpl.http.ProxySelectorSettings|Path:/config/cfg/ProxySelector
20|Log.L.log 12/23/25 6:10:11 PM - FINER [ org.appwork.loggingv3.LogV3(finer) ] -> Read Config(File): /config/cfg/ProxySelector.proxies.json
20|Log.L.log 12/23/25 6:10:11 PM - INFO [ org.appwork.storage.JsonKeyValueStorage(<init>) ] -> CFG File does not exist: /config/update/versioninfo/JD/extensions.json
20|Log.L.log 12/23/25 6:10:11 PM - FINER [ org.appwork.loggingv3.LogV3(finer) ] -> Init StorageHandler for Interface:org.appwork.updatesys.client.extensions.ExtensionsStorage|Path:/config/update/versioninfo/JD/extensions

THREAD: 20
20|org.jdownloader.update.UpdateManager.log 12/23/25 6:10:11 PM - INFO [ org.appwork.updatesys.client.extensions.ExtensionManager(init) ] -> Installed Extensions: []
20|org.jdownloader.update.UpdateManager.log 12/23/25 6:10:11 PM - INFO [ org.appwork.updatesys.client.extensions.ExtensionManager(init) ] -> Requested Extension Installations: []
20|org.jdownloader.update.UpdateManager.log 12/23/25 6:10:11 PM - INFO [ org.appwork.updatesys.client.extensions.ExtensionManager(init) ] -> Requested Extension Uninstalls: []
20|org.jdownloader.update.UpdateManager.log 12/23/25 6:10:11 PM - INFO [ org.jdownloader.update.JDUpdateClient$JDExtensionManager(init) ] -> Installed Extensions: []
20|org.jdownloader.update.UpdateManager.log 12/23/25 6:10:11 PM - INFO [ org.appwork.updatesys.client.FileList(<init>) ] -> FileList at /config/update/versioninfo/JD/filelist.txt Size: 486433
20|Log.L.log 12/23/25 6:10:11 PM - INFO [ org.appwork.storage.JsonKeyValueStorage(<init>) ] -> CFG File does not exist: /config/cfg/org.appwork.updatesys.client.tracker.TrackConfig.json

THREAD: 1
1|org.jdownloader.update.UpdateManager.log 12/23/25 6:10:11 PM - FINE [ org.jdownloader.update.UpdateManager(<init>) ] -> Client 34
20|Log.L.log 12/23/25 6:10:11 PM - INFO [ org.appwork.storage.JsonKeyValueStorage(<init>) ] -> CFG File does not exist: /config/update/versioninfo/JDU/extensions.json
20|Log.L.log 12/23/25 6:10:11 PM - FINER [ org.appwork.loggingv3.LogV3(finer) ] -> Init StorageHandler for Interface:org.appwork.updatesys.client.extensions.ExtensionsStorage|Path:/config/update/versioninfo/JDU/extensions

THREAD: 20
20|org.jdownloader.update.UpdateManager.log 12/23/25 6:10:11 PM - INFO [ org.appwork.updatesys.client.extensions.ExtensionManager(init) ] -> Installed Extensions: []
20|org.jdownloader.update.UpdateManager.log 12/23/25 6:10:11 PM - INFO [ org.appwork.updatesys.client.extensions.ExtensionManager(init) ] -> Requested Extension Installations: []
20|org.jdownloader.update.UpdateManager.log 12/23/25 6:10:11 PM - INFO [ org.appwork.updatesys.client.extensions.ExtensionManager(init) ] -> Requested Extension Uninstalls: []
20|org.jdownloader.update.UpdateManager.log 12/23/25 6:10:11 PM - INFO [ org.appwork.updatesys.client.FileList(<init>) ] -> FileList at /config/update/versioninfo/JDU/filelist.txt Size: 97

THREAD: 1
1|org.jdownloader.update.UpdateManager.log 12/23/25 6:10:11 PM - FINE [ org.jdownloader.update.UpdateManager(<init>) ] -> selfUpdateClient 1
1|org.jdownloader.update.UpdateManager.log 12/23/25 6:10:11 PM - FINE [ org.jdownloader.update.UpdateManager(<init>) ] -> LastChanceInit 0
1|org.jdownloader.update.UpdateManager.log 12/23/25 6:10:11 PM - FINE [ org.jdownloader.update.UpdateManager(<init>) ] -> setUpdateOnExitFlag 0
1|org.jdownloader.update.UpdateManager.log 12/23/25 6:10:11 PM - FINE [ org.jdownloader.update.UpdateManager(<init>) ] -> CreateGui 4
1|org.jdownloader.update.UpdateManager.log 12/23/25 6:10:11 PM - FINE [ org.jdownloader.update.UpdateManager(<init>) ] -> DefaultHandler 1
1|org.jdownloader.update.UpdateManager.log 12/23/25 6:10:11 PM - FINE [ org.jdownloader.update.UpdateManager(<init>) ] -> SetDefaultHandler 0
1|org.jdownloader.update.UpdateManager.log 12/23/25 6:10:11 PM - FINE [ org.jdownloader.update.UpdateManager(<init>) ] -> ProxySelector 0
1|org.jdownloader.update.launcher.SecondLevelLauncher.log 12/23/25 6:10:11 PM - INFO [ org.jdownloader.update.launcher.SecondLevelLauncher(init) ] -> Update Manager init done in 60
1|org.jdownloader.update.UpdateManager.log 12/23/25 6:10:11 PM - INFO [ org.jdownloader.update.UpdateManager(finish) ] -> Current State: 
1|org.jdownloader.update.UpdateManager.log 12/23/25 6:10:11 PM - INFO [ org.jdownloader.update.UpdateManager(finish) ] -> Do Not ask Flag: false
1|org.jdownloader.update.UpdateManager.log 12/23/25 6:10:11 PM - INFO [ org.jdownloader.update.UpdateManager(finish) ] -> AUTO_WRAPPED>
Settings: {
 "countdownforinstallupdatesonexitbubble"         : 10000,
 "selftestwritetimeout"                           : 60000,
 "autohideguiiftherearenoupdatesenabled"          : false,
 "proxydialogonnoconnectionenabled"               : true,
 "lastsuccessfulconnection"                       : 1766491599495,
 "updateinterval"                                 : 600000,
 "autohideguiifsilentupdateswereinstalledenabled" : false,
 "build"                                          : "{\r\n \"JDownloaderServerOptionsRevision\" : 6399,\r\n \"buildTimestamp\"                   : 1766490632119,\r\n \"UpdateClientV2Revision\"           : 1061,\r\n \"JDownloaderUpdaterRevision\"       : 5770,\r\n \"AppWorkUtilsRevision\"             : 4055,\r\n \"JDBrowserRevision\"                : 51993,\r\n \"JDClosedRevision\"                 
: 1048,\r\n \"MyJDownloaderClientRevision\"      : 49320,\r\n \"buildDate\"                        : \"Tue Dec 23 12:50:32 CET 2025\",\r\n \"JDownloaderRevision\"              : 50639\r\n}",
 "doaskmebeforeinstallinganupdateenabled"         : false,
 "updateguialwaysontop"                           : true,
 "jardiffenabled"                                 : true,
 "installupdatesonexitenabled"                    : true,
 "doaskbeforedownloadinganupdate"                 : false,
 "installupdatessilentlyifpossibleenabled"        : true,
 "autoupdatecheckenabled"                         : true,
 "installupdatesonexitpanelvisible"               : true,
 "selftestpolltimeout"                            : 60000

1|org.jdownloader.update.UpdateManager.log 12/23/25 6:10:11 PM - INFO [ org.jdownloader.update.UpdateManager(finish) ] -> Client Revision: 18579
1|org.jdownloader.update.UpdateManager.log 12/23/25 6:10:11 PM - INFO [ org.jdownloader.update.UpdateManager(finish) ] -> Client Revision incl. Pending Installpackages: 18579
1|org.jdownloader.update.UpdateManager.log 12/23/25 6:10:11 PM - INFO [ org.jdownloader.update.UpdateManager(finish) ] -> Updater Client Revision: 18614
1|org.jdownloader.update.UpdateManager.log 12/23/25 6:10:11 PM - INFO [ org.jdownloader.update.UpdateManager(finish) ] -> Updater Client Revision incl. Pending Installpackages: 18614
1|org.jdownloader.update.UpdateManager.log 12/23/25 6:10:11 PM - INFO [ org.jdownloader.update.UpdateManager(finish) ] -> AWF Packages pending: []
1|org.jdownloader.update.UpdateManager.log 12/23/25 6:10:11 PM - INFO [ org.jdownloader.update.UpdateManager(finish) ] -> SelfUpdate pending: false ([])
1|org.jdownloader.update.launcher.SecondLevelLauncher.log 12/23/25 6:10:11 PM - INFO [ org.jdownloader.update.launcher.SecondLevelLauncher(init) ] -> Finished Installation
1|org.jdownloader.update.UpdateManager.log 12/23/25 6:10:11 PM - INFO [ org.jdownloader.update.UpdateManager(setLaunchState) ] -> Launchstate: LAUNCHING_JD

THREAD: 1
1|Log.L.log 12/23/25 6:10:11 PM - INFO [ org.appwork.loggingv3.LogV3(info) ] -> Application Root: /config
SevenZipJBinding: null
Add via Application.addUrlToClassPath:file:/config/Core.jar
Add via Application.addUrlToClassPath:file:/config/libs/Dynamics.jar
Add via Application.addUrlToClassPath:file:/config/libs/Filters.jar
Add via Application.addUrlToClassPath:file:/config/libs/JAntiCaptcha.jar
Add via Application.addUrlToClassPath:file:/config/libs/JDGUI.jar
Add via Application.addUrlToClassPath:file:/config/libs/JDHttp.jar
Add via Application.addUrlToClassPath:file:/config/libs/JDUtils.jar
Add via Application.addUrlToClassPath:file:/config/libs/UPNP/cling-core.jar
Add via Application.addUrlToClassPath:file:/config/libs/UPNP/cling-support.jar
Add via Application.addUrlToClassPath:file:/config/libs/UPNP/seamless-http.jar
Add via Application.addUrlToClassPath:file:/config/libs/UPNP/seamless-util.jar
Add via Application.addUrlToClassPath:file:/config/libs/UPNP/seamless-xml.jar
Add via Application.addUrlToClassPath:file:/config/libs/bcpkix-jdk15on.jar
Add via Application.addUrlToClassPath:file:/config/libs/bcprov-jdk15on.jar
Add via Application.addUrlToClassPath:file:/config/libs/bctls-jdk15on.jar
Add via Application.addUrlToClassPath:file:/config/libs/bcutil-jdk15on.jar
Add via Application.addUrlToClassPath:file:/config/libs/brotli.jar
Add via Application.addUrlToClassPath:file:/config/libs/cons.jar
Add via Application.addUrlToClassPath:file:/config/libs/dbus/debug-disable.jar
Add via Application.addUrlToClassPath:file:/config/libs/dbus/hexdump.jar
Add via Application.addUrlToClassPath:file:/config/libs/dbus/libdbus-java.jar
Add via Application.addUrlToClassPath:file:/config/libs/dbus/unix.jar
Add via Application.addUrlToClassPath:file:/config/libs/image4j.jar
Add via Application.addUrlToClassPath:file:/config/libs/jna.jar
Add via Application.addUrlToClassPath:file:/config/libs/jna_platform.jar
Add via Application.addUrlToClassPath:file:/config/libs/js.jar
Add via Application.addUrlToClassPath:file:/config/libs/jsvg.jar
Add via Application.addUrlToClassPath:file:/config/libs/jsyntaxpane.jar
Add via Application.addUrlToClassPath:file:/config/libs/laf/synthetica.jar
Add via Application.addUrlToClassPath:file:/config/libs/laf/syntheticaJDCustom.jar
Add via Application.addUrlToClassPath:file:/config/libs/laf/syntheticaSimple2D.jar
Add via Application.addUrlToClassPath:file:/config/libs/sevenzipjbinding.jar
Add via Application.addUrlToClassPath:file:/config/libs/sevenzipjbindingLinux.jar
Add via Application.addUrlToClassPath:file:/config/libs/svgSalamander.jar
Add via Application.addUrlToClassPath:file:/config/libs/zip4j.jar
Add via Application.addUrlToClassPath:file:/config/extensions/Extraction.jar
1|Log.L.log 12/23/25 6:10:11 PM - INFO [ org.appwork.loggingv3.LogV3(info) ] -> Application Root: /config
1|Log.L.log 12/23/25 6:10:11 PM - INFO [ org.appwork.storage.JsonKeyValueStorage(<init>) ] -> Prefer (merged) JSon Storage from File: /config/cfg/org.jdownloader.settings.GraphicalUserInterfaceSettings.json
1|Log.L.log 12/23/25 6:10:11 PM - FINER [ org.appwork.loggingv3.LogV3(finer) ] -> Load Translation file:/config/translations/org/jdownloader/gui/translate/GuiTranslation.en.lng/null
1|StartupParameterHandler.log 12/23/25 6:10:11 PM - INFO [ org.jdownloader.startup.ParameterHandler(onStartup) ] -> Startup: []
1|StartupParameterHandler.log 12/23/25 6:10:11 PM - INFO [ org.jdownloader.startup.ParameterHandler(onStartup) ] -> Remove ConsoleHandler
1|Log.L.log 12/23/25 6:10:11 PM - FINER [ org.appwork.utils.logging2.extmanager.ExtLogManager(getLogger) ] -> Ignored: disabled
1|Log.L.log 12/23/25 6:10:11 PM - FINER [ org.appwork.utils.logging2.extmanager.ExtLogManager(getLogger) ] -> Ignored: jdk.internal.dynalink.support.Guards
1|Log.L.log 12/23/25 6:10:11 PM - INFO [ jd.SecondLevelLaunch(mainStart) ] -> setExecutable:true
1|Log.L.log 12/23/25 6:10:11 PM - FINER [ jd.SecondLevelLaunch(mainStart) ] -> LOG_INIT_DONE=2 instances
1|Log.L.log 12/23/25 6:10:11 PM - FINER [ jd.SecondLevelLaunch(mainStart) ] -> awt.toolkit=sun.awt.X11.XToolkit
1|Log.L.log 12/23/25 6:10:11 PM - FINER [ jd.SecondLevelLaunch(mainStart) ] -> awt.useSystemAAFontSettings=gasp
1|Log.L.log 12/23/25 6:10:11 PM - FINER [ jd.SecondLevelLaunch(mainStart) ] -> classloader_00000000=org.jdownloader.update.launcher.ClassLoaderExtensionImpl
1|Log.L.log 12/23/25 6:10:11 PM - FINER [ jd.SecondLevelLaunch(mainStart) ] -> classloader_00000001=org.jdownloader.update.launcher.CL2
1|Log.L.log 12/23/25 6:10:11 PM - FINER [ jd.SecondLevelLaunch(mainStart) ] -> com.sun.jndi.cosnaming.object.trustURLCodebase=false
1|Log.L.log 12/23/25 6:10:11 PM - FINER [ jd.SecondLevelLaunch(mainStart) ] -> com.sun.jndi.ldap.object.trustURLCodebase=false
1|Log.L.log 12/23/25 6:10:11 PM - FINER [ jd.SecondLevelLaunch(mainStart) ] -> com.sun.jndi.rmi.object.trustURLCodebase=false
1|Log.L.log 12/23/25 6:10:11 PM - FINER [ jd.SecondLevelLaunch(mainStart) ] -> extlogmanager.avoidsystemclassloader.hack=sun.misc.Launcher$AppClassLoader@70dea4e
1|Log.L.log 12/23/25 6:10:11 PM - FINER [ jd.SecondLevelLaunch(mainStart) ] -> file.encoding=UTF-8
1|Log.L.log 12/23/25 6:10:11 PM - FINER [ jd.SecondLevelLaunch(mainStart) ] -> file.encoding.pkg=sun.io
1|Log.L.log 12/23/25 6:10:11 PM - FINER [ jd.SecondLevelLaunch(mainStart) ] -> file.separator=/
1|Log.L.log 12/23/25 6:10:11 PM - FINER [ jd.SecondLevelLaunch(mainStart) ] -> ftpStyle=new
1|Log.L.log 12/23/25 6:10:11 PM - FINER [ jd.SecondLevelLaunch(mainStart) ] -> java.awt.graphicsenv=sun.awt.X11GraphicsEnvironment
1|Log.L.log 12/23/25 6:10:11 PM - FINER [ jd.SecondLevelLaunch(mainStart) ] -> java.awt.headless=false
1|Log.L.log 12/23/25 6:10:11 PM - FINER [ jd.SecondLevelLaunch(mainStart) ] -> java.awt.printerjob=sun.print.PSPrinterJob
1|Log.L.log 12/23/25 6:10:11 PM - FINER [ jd.SecondLevelLaunch(mainStart) ] -> java.class.path=/config/JDownloader.jar
1|Log.L.log 12/23/25 6:10:11 PM - FINER [ jd.SecondLevelLaunch(mainStart) ] -> java.class.version=52.0
1|Log.L.log 12/23/25 6:10:11 PM - FINER [ jd.SecondLevelLaunch(mainStart) ] -> java.endorsed.dirs=/usr/lib/jvm/java-1.8-openjdk/jre/lib/endorsed
1|Log.L.log 12/23/25 6:10:11 PM - FINER [ jd.SecondLevelLaunch(mainStart) ] -> java.ext.dirs=/usr/lib/jvm/java-1.8-openjdk/jre/lib/ext:/usr/java/packages/lib/ext
1|Log.L.log 12/23/25 6:10:11 PM - FINER [ jd.SecondLevelLaunch(mainStart) ] -> java.home=/usr/lib/jvm/java-1.8-openjdk/jre
1|Log.L.log 12/23/25 6:10:11 PM - FINER [ jd.SecondLevelLaunch(mainStart) ] -> java.io.tmpdir=/tmp
1|Log.L.log 12/23/25 6:10:11 PM - FINER [ jd.SecondLevelLaunch(mainStart) ] -> java.library.path=/usr/lib/jvm/java-1.8-openjdk/jre/lib/amd64/server:/usr/lib/jvm/java-1.8-openjdk/jre/lib/amd64:/usr/lib/jvm/java-1.8-openjdk/jre/../lib/amd64:/usr/java/packages/lib/amd64:/usr/lib64:/lib64:/lib:/usr/lib
1|Log.L.log 12/23/25 6:10:11 PM - FINER [ jd.SecondLevelLaunch(mainStart) ] -> java.net.preferIPv6Addresses=system
1|Log.L.log 12/23/25 6:10:11 PM - FINER [ jd.SecondLevelLaunch(mainStart) ] -> java.rmi.server.useCodebaseOnly=true
1|Log.L.log 12/23/25 6:10:11 PM - FINER [ jd.SecondLevelLaunch(mainStart) ] -> java.runtime.name=OpenJDK Runtime Environment
1|Log.L.log 12/23/25 6:10:11 PM - FINER [ jd.SecondLevelLaunch(mainStart) ] -> java.runtime.version=1.8.0_432-b06
1|Log.L.log 12/23/25 6:10:11 PM - FINER [ jd.SecondLevelLaunch(mainStart) ] -> java.specification.maintenance.version=6
1|Log.L.log 12/23/25 6:10:11 PM - FINER [ jd.SecondLevelLaunch(mainStart) ] -> java.specification.name=Java Platform API Specification
1|Log.L.log 12/23/25 6:10:11 PM - FINER [ jd.SecondLevelLaunch(mainStart) ] -> java.specification.vendor=Oracle Corporation
1|Log.L.log 12/23/25 6:10:11 PM - FINER [ jd.SecondLevelLaunch(mainStart) ] -> java.specification.version=1.8
1|Log.L.log 12/23/25 6:10:11 PM - FINER [ jd.SecondLevelLaunch(mainStart) ] -> java.util.Arrays.useLegacyMergeSort=true
1|Log.L.log 12/23/25 6:10:11 PM - FINER [ jd.SecondLevelLaunch(mainStart) ] -> java.util.logging.manager=org.appwork.utils.logging2.extmanager.ExtLogManager
1|Log.L.log 12/23/25 6:10:11 PM - FINER [ jd.SecondLevelLaunch(mainStart) ] -> java.vendor=IcedTea
1|Log.L.log 12/23/25 6:10:11 PM - FINER [ jd.SecondLevelLaunch(mainStart) ] -> java.vendor.url=https://icedtea.classpath.org
1|Log.L.log 12/23/25 6:10:11 PM - FINER [ jd.SecondLevelLaunch(mainStart) ] -> java.vendor.url.bug=https://icedtea.classpath.org/bugzilla
1|Log.L.log 12/23/25 6:10:11 PM - FINER [ jd.SecondLevelLaunch(mainStart) ] -> java.version=1.8.0_432
1|Log.L.log 12/23/25 6:10:11 PM - FINER [ jd.SecondLevelLaunch(mainStart) ] -> java.vm.info=mixed mode
1|Log.L.log 12/23/25 6:10:11 PM - FINER [ jd.SecondLevelLaunch(mainStart) ] -> java.vm.name=OpenJDK 64-Bit Server VM
1|Log.L.log 12/23/25 6:10:11 PM - FINER [ jd.SecondLevelLaunch(mainStart) ] -> java.vm.specification.name=Java Virtual Machine Specification
1|Log.L.log 12/23/25 6:10:11 PM - FINER [ jd.SecondLevelLaunch(mainStart) ] -> java.vm.specification.vendor=Oracle Corporation
1|Log.L.log 12/23/25 6:10:11 PM - FINER [ jd.SecondLevelLaunch(mainStart) ] -> java.vm.specification.version=1.8
1|Log.L.log 12/23/25 6:10:11 PM - FINER [ jd.SecondLevelLaunch(mainStart) ] -> java.vm.vendor=IcedTea
1|Log.L.log 12/23/25 6:10:11 PM - FINER [ jd.SecondLevelLaunch(mainStart) ] -> java.vm.version=25.432-b06
1|Log.L.log 12/23/25 6:10:11 PM - FINER [ jd.SecondLevelLaunch(mainStart) ] -> jd.build.builddate=Tue Dec 23 12:50:32 CET 2025
1|Log.L.log 12/23/25 6:10:11 PM - FINER [ jd.SecondLevelLaunch(mainStart) ] -> jd.build.buildtimestamp=1766490632119
1|Log.L.log 12/23/25 6:10:11 PM - FINER [ jd.SecondLevelLaunch(mainStart) ] -> jd.randomNumber=-1754388794899891070
1|Log.L.log 12/23/25 6:10:11 PM - FINER [ jd.SecondLevelLaunch(mainStart) ] -> jd.revision.appworkutilsrevision=4055
1|Log.L.log 12/23/25 6:10:11 PM - FINER [ jd.SecondLevelLaunch(mainStart) ] -> jd.revision.jdbrowserrevision=51993
1|Log.L.log 12/23/25 6:10:11 PM - FINER [ jd.SecondLevelLaunch(mainStart) ] -> jd.revision.jdclosedrevision=1048
1|Log.L.log 12/23/25 6:10:11 PM - FINER [ jd.SecondLevelLaunch(mainStart) ] -> jd.revision.jdownloaderrevision=50639
1|Log.L.log 12/23/25 6:10:11 PM - FINER [ jd.SecondLevelLaunch(mainStart) ] -> jd.revision.jdownloaderserveroptionsrevision=6399
1|Log.L.log 12/23/25 6:10:11 PM - FINER [ jd.SecondLevelLaunch(mainStart) ] -> jd.revision.jdownloaderupdaterrevision=5770
1|Log.L.log 12/23/25 6:10:11 PM - FINER [ jd.SecondLevelLaunch(mainStart) ] -> jd.revision.myjdownloaderclientrevision=49320
1|Log.L.log 12/23/25 6:10:11 PM - FINER [ jd.SecondLevelLaunch(mainStart) ] -> jd.revision.updateclientv2revision=1061
1|Log.L.log 12/23/25 6:10:11 PM - FINER [ jd.SecondLevelLaunch(mainStart) ] -> k=0dd0ecf7f742873d745106adea00b64a
1|Log.L.log 12/23/25 6:10:11 PM - FINER [ jd.SecondLevelLaunch(mainStart) ] -> line.separator=

1|Log.L.log 12/23/25 6:10:11 PM - FINER [ jd.SecondLevelLaunch(mainStart) ] -> org.appwork.LoggerFactory=org.appwork.utils.logging2.LogSourceRedirector
1|Log.L.log 12/23/25 6:10:11 PM - FINER [ jd.SecondLevelLaunch(mainStart) ] -> org.jdownloader.revision=JDownloader2
1|Log.L.log 12/23/25 6:10:11 PM - FINER [ jd.SecondLevelLaunch(mainStart) ] -> os.arch=amd64
1|Log.L.log 12/23/25 6:10:11 PM - FINER [ jd.SecondLevelLaunch(mainStart) ] -> os.name=Linux
1|Log.L.log 12/23/25 6:10:11 PM - FINER [ jd.SecondLevelLaunch(mainStart) ] -> os.version=6.18.2-arch2-1
1|Log.L.log 12/23/25 6:10:11 PM - FINER [ jd.SecondLevelLaunch(mainStart) ] -> path.separator=:
1|Log.L.log 12/23/25 6:10:11 PM - FINER [ jd.SecondLevelLaunch(mainStart) ] -> sun.arch.data.model=64
1|Log.L.log 12/23/25 6:10:11 PM - FINER [ jd.SecondLevelLaunch(mainStart) ] -> sun.awt.enableExtraMouseButtons=true
1|Log.L.log 12/23/25 6:10:11 PM - FINER [ jd.SecondLevelLaunch(mainStart) ] -> AUTO_WRAPPED>
sun.boot.class.path=/usr/lib/jvm/java-1.8-openjdk/jre/lib/resources.jar:/usr/lib/jvm/java-1.8-openjdk/jre/lib/rt.jar:/usr/lib/jvm/java-1.8-openjdk/jre/lib/sunrsasign.jar:/usr/lib/jvm/java-1.8-openjdk/jre/lib/jsse.jar:/usr/lib/jvm/java-1.8-openjdk/jre/lib/jce.jar:/usr/lib/jvm/java-1.8-openjdk/jre/lib/charsets.jar:/usr/lib/jvm/java-1.8-openjdk/jre/lib/jfr.jar:/usr/lib/jvm/java-1.8-openjdk/jre/classe

1|Log.L.log 12/23/25 6:10:11 PM - FINER [ jd.SecondLevelLaunch(mainStart) ] -> sun.boot.library.path=/usr/lib/jvm/java-1.8-openjdk/jre/lib/amd64
1|Log.L.log 12/23/25 6:10:11 PM - FINER [ jd.SecondLevelLaunch(mainStart) ] -> sun.cpu.endian=little
1|Log.L.log 12/23/25 6:10:11 PM - FINER [ jd.SecondLevelLaunch(mainStart) ] -> sun.cpu.isalist=
1|Log.L.log 12/23/25 6:10:11 PM - FINER [ jd.SecondLevelLaunch(mainStart) ] -> sun.font.fontmanager=sun.awt.X11FontManager
1|Log.L.log 12/23/25 6:10:11 PM - FINER [ jd.SecondLevelLaunch(mainStart) ] -> sun.io.unicode.encoding=UnicodeLittle
1|Log.L.log 12/23/25 6:10:11 PM - FINER [ jd.SecondLevelLaunch(mainStart) ] -> sun.java.command=/config/JDownloader.jar
1|Log.L.log 12/23/25 6:10:11 PM - FINER [ jd.SecondLevelLaunch(mainStart) ] -> sun.java.launcher=SUN_STANDARD
1|Log.L.log 12/23/25 6:10:11 PM - FINER [ jd.SecondLevelLaunch(mainStart) ] -> sun.jnu.encoding=UTF-8
1|Log.L.log 12/23/25 6:10:11 PM - FINER [ jd.SecondLevelLaunch(mainStart) ] -> sun.management.compiler=HotSpot 64-Bit Tiered Compilers
1|Log.L.log 12/23/25 6:10:11 PM - FINER [ jd.SecondLevelLaunch(mainStart) ] -> sun.os.patch.level=unknown
1|Log.L.log 12/23/25 6:10:11 PM - FINER [ jd.SecondLevelLaunch(mainStart) ] -> sun.swing.enableImprovedDragGesture=true
1|Log.L.log 12/23/25 6:10:11 PM - FINER [ jd.SecondLevelLaunch(mainStart) ] -> user.country=US
1|Log.L.log 12/23/25 6:10:11 PM - FINER [ jd.SecondLevelLaunch(mainStart) ] -> user.dir=/etc/services.d/app
1|Log.L.log 12/23/25 6:10:11 PM - FINER [ jd.SecondLevelLaunch(mainStart) ] -> user.home=/dev/null
1|Log.L.log 12/23/25 6:10:11 PM - FINER [ jd.SecondLevelLaunch(mainStart) ] -> user.language=en
1|Log.L.log 12/23/25 6:10:11 PM - FINER [ jd.SecondLevelLaunch(mainStart) ] -> user.name=app
1|Log.L.log 12/23/25 6:10:11 PM - FINER [ jd.SecondLevelLaunch(mainStart) ] -> user.timezone=Asia/Dhaka
1|Log.L.log 12/23/25 6:10:11 PM - INFO [ jd.SecondLevelLaunch(mainStart) ] -> OS:LINUX|ALPINE|64bit:true
1|Log.L.log 12/23/25 6:10:11 PM - INFO [ jd.SecondLevelLaunch(mainStart) ] -> CPU:X86|64bit:true
1|Log.L.log 12/23/25 6:10:11 PM - INFO [ jd.SecondLevelLaunch(mainStart) ] -> JVM:18432006|1.8.0_432-b06|64bit:true
1|Log.L.log 12/23/25 6:10:11 PM - INFO [ jd.SecondLevelLaunch(mainStart) ] -> DOCKER detected:bc68eb204078
1|Log.L.log 12/23/25 6:10:11 PM - FINER [ jd.SecondLevelLaunch(mainStart) ] -> VMArgs: [-XX:-UsePerfData, -Dawt.useSystemAAFontSettings=gasp, -Djava.awt.headless=false]
1|Log.L.log 12/23/25 6:10:11 PM - INFO [ jd.SecondLevelLaunch(mainStart) ] -> MaxMemory=3514302464bytes (3351Megabytes)
1|Log.L.log 12/23/25 6:10:11 PM - INFO [ jd.SecondLevelLaunch(mainStart) ] -> JDownloader2
1|Log.L.log 12/23/25 6:10:11 PM - INFO [ jd.SecondLevelLaunch(go) ] -> Initialize JDownloader2
Cryptography restrictions removal not needed

THREAD: 24
24|Log.L.log 12/23/25 6:10:11 PM - INFO [ jd.SecondLevelLaunch$8(edtRun) ] -> LAF INIT

THREAD: 1
1|Log.L.log 12/23/25 6:10:11 PM - INFO [ org.appwork.storage.JsonKeyValueStorage(<init>) ] -> Prefer (merged) JSon Storage from File: /config/cfg/org.jdownloader.settings.SilentModeSettings.json

THREAD: 28
28|Log.L.log 12/23/25 6:10:11 PM - INFO [ org.appwork.storage.JsonKeyValueStorage(<init>) ] -> Prefer (merged) JSon Storage from File: /config/cfg/org.jdownloader.settings.GeneralSettings.json

THREAD: 24
24|Log.L.log 12/23/25 6:10:11 PM - INFO [ jd.gui.swing.laf.LookAndFeelController(setUIManager) ] -> Use Look & Feel: org.jdownloader.gui.laf.jddefault.JDDefaultLookAndFeel
24|Log.L.log 12/23/25 6:10:11 PM - INFO [ org.appwork.storage.JsonKeyValueStorage(<init>) ] -> CFG File does not exist: /config/cfg/laf/JDDefaultLookAndFeel.json
24|Log.L.log 12/23/25 6:10:11 PM - INFO [ org.appwork.loggingv3.LogV3(info) ] -> LaF init: org.jdownloader.gui.laf.jddefault.JDDefaultLookAndFeel
24|Log.L.log 12/23/25 6:10:11 PM - FINER [ org.appwork.utils.logging2.extmanager.ExtLogManager(getLogger) ] -> Ignored: de.javasoft.plaf.synthetica.SyntheticaLookAndFeel
24|Log.L.log 12/23/25 6:10:11 PM - FINER [ org.appwork.loggingv3.LogV3(finer) ] -> Load Translation file:/config/translations/org/appwork/swing/synthetica/LanguageFileSetup.en.lng/null
24|Log.L.log 12/23/25 6:10:11 PM - INFO [ org.jdownloader.gui.laf.jddefault.JDDefaultLookAndFeel(load) ] -> Custom LAF XML: /config/cfg/laf/JDDefaultLookAndFeel.xml

THREAD: 28
28|Log.L.log 12/23/25 6:10:11 PM - INFO [ jd.SecondLevelLaunch$7(run) ] -> Use 'JSSE' for default SSLSocketStreamFactory because: TLSv1.3 supported! Java-18432006
28|Log.L.log 12/23/25 6:10:11 PM - FINER [ org.appwork.loggingv3.LogV3(finer) ] -> Read Config(File): /config/cfg/org.jdownloader.settings.GeneralSettings.browsercommandline.json
28|Log.L.log 12/23/25 6:10:11 PM - FINER [ org.appwork.loggingv3.LogV3(finer) ] -> Read Config(File): /config/cfg/org.jdownloader.settings.InternetConnectionSettings.customproxylist.json

THREAD: 24
24|Log.L.log 12/23/25 6:10:11 PM - FINER [ org.appwork.utils.logging2.extmanager.ExtLogManager(getLogger) ] -> Ignored: de.javasoft.plaf.synthetica.painter.ImagePainter
24|Log.L.log 12/23/25 6:10:11 PM - INFO [ org.appwork.loggingv3.LogV3(info) ] -> LAF Init duration: 157ms
24|Log.L.log 12/23/25 6:10:11 PM - INFO [ jd.gui.swing.laf.LookAndFeelController(setUIManager) ] -> LAF init: 176
24|Log.L.log 12/23/25 6:10:11 PM - INFO [ jd.SecondLevelLaunch$11(edtRun) ] -> InitGUI->328
24|Log.L.log 12/23/25 6:10:11 PM - INFO [ org.appwork.storage.JsonKeyValueStorage(<init>) ] -> Prefer (merged) JSon Storage from File: /config/cfg/jd.controlling.captcha.CaptchaSettings.json
24|Log.L.log 12/23/25 6:10:11 PM - FINER [ org.appwork.loggingv3.LogV3(finer) ] -> Read Config(File): /config/cfg/org.jdownloader.settings.GeneralSettings.domainrules.json
24|Log.L.log 12/23/25 6:10:11 PM - INFO [ org.appwork.storage.JsonKeyValueStorage(<init>) ] -> Prefer (merged) JSon Storage from File: /config/cfg/jd.controlling.reconnect.ReconnectConfig.json
24|Log.L.log 12/23/25 6:10:11 PM - INFO [ org.appwork.storage.JsonKeyValueStorage(<init>) ] -> Prefer (merged) JSon Storage from File: /config/cfg/jd.controlling.downloadcontroller.DownloadControllerConfig.json
24|Log.L.log 12/23/25 6:10:11 PM - FINER [ org.appwork.utils.logging2.extmanager.ExtLogManager(getLogger) ] -> Ignored: com.github.weisj.jsvg.parser.SVGLoader
24|Log.L.log 12/23/25 6:10:11 PM - WARNING [ org.appwork.loggingv3.LogV3(warning) ] -> Image warning: width and height should be dividable by 4 for proper highDPI display!: exttable/sortAsc: 4x6
24|Log.L.log 12/23/25 6:10:11 PM - WARNING [ org.appwork.loggingv3.LogV3(warning) ] -> Image warning: width and height should be dividable by 4 for proper highDPI display!: exttable/sortDesc: 4x6
24|Log.L.log 12/23/25 6:10:12 PM - FINER [ org.appwork.storage.JsonKeyValueStorage(<init>) ] -> Read Config: /config/cfg/ExtTable_downloadstable3.json
24|Log.L.log 12/23/25 6:10:12 PM - WARNING [ org.appwork.loggingv3.LogV3(warning) ] -> Image warning: width and height should be dividable by 4 for proper highDPI display!: exttable/widthLocked: 14x14
24|Log.L.log 12/23/25 6:10:12 PM - WARNING [ org.appwork.loggingv3.LogV3(warning) ] -> Image warning: width and height should be dividable by 4 for proper highDPI display!: ocr: 14x14
24|Log.L.log 12/23/25 6:10:12 PM - INFO [ org.appwork.storage.JsonKeyValueStorage(<init>) ] -> CFG File does not exist: /config/cfg/menus_v2/DownloadTabBottomBar.json
24|Log.L.log 12/23/25 6:10:12 PM - WARNING [ org.appwork.loggingv3.LogV3(warning) ] -> Image warning: width and height should be dividable by 4 for proper highDPI display!: logo/jd_logo_64_64: 19x19
24|Log.L.log 12/23/25 6:10:12 PM - WARNING [ org.appwork.loggingv3.LogV3(warning) ] -> Image warning: width and height should be dividable by 4 for proper highDPI display!: logo/jd_logo_64_64: 18x18
24|Log.L.log 12/23/25 6:10:12 PM - WARNING [ org.appwork.loggingv3.LogV3(warning) ] -> Image warning: width and height should be dividable by 4 for proper highDPI display!: logo/jd_logo_64_64: 17x17
24|Log.L.log 12/23/25 6:10:12 PM - INFO [ org.appwork.storage.JsonKeyValueStorage(<init>) ] -> Prefer (merged) JSon Storage from File: /config/cfg/org.jdownloader.gui.jdtrayicon.TrayExtension.json
24|Log.L.log 12/23/25 6:10:12 PM - FINER [ org.appwork.loggingv3.LogV3(finer) ] -> Load Translation file:/config/translations/org/jdownloader/gui/jdtrayicon/translate/TrayiconTranslation.en.lng/null
24|Log.L.log 12/23/25 6:10:12 PM - INFO [ org.appwork.storage.JsonKeyValueStorage(<init>) ] -> Prefer (merged) JSon Storage from File: /config/cfg/org.jdownloader.controlling.filter.LinkFilterSettings.json
24|Log.L.log 12/23/25 6:10:12 PM - INFO [ org.appwork.storage.JsonKeyValueStorage(<init>) ] -> Prefer (merged) JSon Storage from File: /config/cfg/org.jdownloader.api.myjdownloader.MyJDownloaderSettings.json
24|Log.L.log 12/23/25 6:10:12 PM - INFO [ org.appwork.storage.JsonKeyValueStorage(<init>) ] -> Prefer (merged) JSon Storage from File: /config/cfg/org.jdownloader.settings.AccountSettings.json
24|Log.L.log 12/23/25 6:10:12 PM - INFO [ org.appwork.storage.JsonKeyValueStorage(<init>) ] -> Prefer (merged) JSon Storage from File: /config/cfg/jd.controlling.linkchecker.LinkCheckerConfig.json
24|Log.L.log 12/23/25 6:10:12 PM - INFO [ org.appwork.storage.JsonKeyValueStorage(<init>) ] -> Prefer (merged) JSon Storage from File: /config/cfg/jd.controlling.linkcrawler.LinkCrawlerConfig.json
24|Log.L.log 12/23/25 6:10:12 PM - INFO [ org.appwork.storage.JsonKeyValueStorage(<init>) ] -> Prefer (merged) JSon Storage from File: /config/cfg/org.jdownloader.gui.views.linkgrabber.addlinksdialog.LinkgrabberSettings.json
24|Log.L.log 12/23/25 6:10:12 PM - INFO [ org.appwork.storage.JsonKeyValueStorage(<init>) ] -> Prefer (merged) JSon Storage from File: /config/cfg/jd.controlling.linkcollector.LinkCollectorConfig.json
24|Log.L.log 12/23/25 6:10:12 PM - INFO [ org.appwork.storage.JsonKeyValueStorage(<init>) ] -> Prefer (merged) JSon Storage from File: /config/cfg/org.jdownloader.api.RemoteAPIConfig.json
24|Log.L.log 12/23/25 6:10:12 PM - INFO [ org.appwork.storage.JsonKeyValueStorage(<init>) ] -> CFG File does not exist: /config/cfg/org.jdownloader.controlling.packagizer.PackagizerSettings.json
24|Log.L.log 12/23/25 6:10:12 PM - INFO [ org.appwork.storage.JsonKeyValueStorage(<init>) ] -> CFG File does not exist: /config/cfg/org.jdownloader.controlling.ffmpeg.FFmpegSetup.json
24|Log.L.log 12/23/25 6:10:12 PM - INFO [ org.appwork.storage.JsonKeyValueStorage(<init>) ] -> CFG File does not exist: /config/cfg/org.jdownloader.gui.shortcuts.ShortcutSettings.json
24|Log.L.log 12/23/25 6:10:12 PM - INFO [ org.appwork.storage.JsonKeyValueStorage(<init>) ] -> CFG File does not exist: /config/cfg/org.jdownloader.updatev2.LastChanceSettings.json
24|Log.L.log 12/23/25 6:10:12 PM - INFO [ org.appwork.storage.JsonKeyValueStorage(<init>) ] -> CFG File does not exist: /config/cfg/org.appwork.utils.swing.dialog.ExtFileSystemViewSettings.json
24|Log.L.log 12/23/25 6:10:12 PM - INFO [ org.appwork.storage.JsonKeyValueStorage(<init>) ] -> CFG File does not exist: /config/cfg/jd.controlling.faviconcontroller.FavIconsConfig.json
24|Log.L.log 12/23/25 6:10:12 PM - INFO [ org.appwork.storage.JsonKeyValueStorage(<init>) ] -> CFG File does not exist: /config/cfg/org.jdownloader.settings.SoundSettings.json
24|Log.L.log 12/23/25 6:10:12 PM - INFO [ org.appwork.storage.JsonKeyValueStorage(<init>) ] -> CFG File does not exist: /config/cfg/containerconfig.json
24|Log.L.log 12/23/25 6:10:12 PM - INFO [ org.appwork.storage.JsonKeyValueStorage(<init>) ] -> Prefer (merged) JSon Storage from File: /config/cfg/org.jdownloader.gui.notify.gui.BubbleNotifyConfig.json
24|Log.L.log 12/23/25 6:10:12 PM - FINER [ org.appwork.loggingv3.LogV3(finer) ] -> Init StorageHandler for Interface:org.jdownloader.controlling.hosterrule.HosterRuleConfig|Path:null
24|Log.L.log 12/23/25 6:10:12 PM - FINER [ org.appwork.loggingv3.LogV3(finer) ] -> Load Translation file:/config/translations/org/jdownloader/translate/JdownloaderTranslation.en.lng/null
24|Log.L.log 12/23/25 6:10:12 PM - FINER [ org.appwork.loggingv3.LogV3(finer) ] -> Read Config(File): /config/cfg/jd.controlling.captcha.CaptchaSettings.qualityensurancerules.json
24|Log.L.log 12/23/25 6:10:12 PM - FINER [ org.appwork.loggingv3.LogV3(finer) ] -> Load Translation file:/config/translations/org/appwork/utils/locale/AWUTranslation.en.lng/null
24|Log.L.log 12/23/25 6:10:12 PM - INFO [ jd.SecondLevelLaunch$11(edtRun) ] -> GUIDONE->613
24|Log.L.log 12/23/25 6:10:12 PM - FINER [ org.appwork.loggingv3.LogV3(finer) ] -> Read Config(File): /config/cfg/org.jdownloader.settings.GraphicalUserInterfaceSettings.lastframestatus.json
Set Frame size: 1024x728

THREAD: 1
1|Log.L.log 12/23/25 6:10:12 PM - INFO [ jd.SecondLevelLaunch(go) ] -> Initialisation finished
1|Log.L.log 12/23/25 6:10:12 PM - INFO [ jd.SecondLevelLaunch(go) ] -> fileChooserComboBoxFolders 2|1

THREAD: 46
46|Log.L.log 12/23/25 6:10:12 PM - FINER [ org.appwork.loggingv3.LogV3(finer) ] -> Read Config(File): /config/cfg/org.jdownloader.settings.AccountSettings.accounts.ejs

THREAD: 43
43|Log.L.log 12/23/25 6:10:12 PM - FINER [ org.appwork.loggingv3.LogV3(finer) ] -> Read Config(File): /config/cfg/org.jdownloader.controlling.packagizer.PackagizerSettings.rulelist.json

THREAD: 24
24|Log.L.log 12/23/25 6:10:12 PM - FINER [ org.appwork.storage.JsonKeyValueStorage(<init>) ] -> Read Config: /config/cfg/ExtTable_LinkGrabberTableModel.json

THREAD: 43
43|Log.L.log 12/23/25 6:10:12 PM - INFO [ org.appwork.loggingv3.LogV3(info) ] -> Try to register API namespace /session = interface org.appwork.utils.net.httpserver.session.LoginAPIInterface
43|Log.L.log 12/23/25 6:10:12 PM - INFO [ org.appwork.loggingv3.LogV3(info) ] -> Try to register API namespace /events = interface org.appwork.remoteapi.events.EventsAPIInterface
43|Log.L.log 12/23/25 6:10:12 PM - INFO [ org.appwork.storage.JsonKeyValueStorage(<init>) ] -> CFG File does not exist: /config/cfg/org.jdownloader.api.captcha.CaptchaMyJDownloaderRemoteSolverSettings.json
43|Log.L.log 12/23/25 6:10:12 PM - INFO [ org.appwork.loggingv3.LogV3(info) ] -> Try to register API namespace /captcha = interface org.jdownloader.api.captcha.CaptchaAPI

THREAD: 24
24|Log.L.log 12/23/25 6:10:12 PM - INFO [ org.appwork.storage.JsonKeyValueStorage(<init>) ] -> CFG File does not exist: /config/cfg/menus_v2/LinkgrabberTabBottomBar.json

THREAD: 43
43|Log.L.log 12/23/25 6:10:12 PM - INFO [ org.appwork.loggingv3.LogV3(info) ] -> Try to register API namespace /jd = interface org.jdownloader.api.jd.JDAPI
43|Log.L.log 12/23/25 6:10:12 PM - INFO [ org.appwork.loggingv3.LogV3(info) ] -> Try to register API namespace /downloads = interface org.jdownloader.api.downloads.DownloadsAPI

THREAD: 24
24|Log.L.log 12/23/25 6:10:12 PM - FINER [ org.appwork.loggingv3.LogV3(finer) ] -> Read Config(File): /config/cfg/org.jdownloader.settings.GraphicalUserInterfaceSettings.overviewpositions.json

THREAD: 43
43|Log.L.log 12/23/25 6:10:12 PM - INFO [ org.appwork.loggingv3.LogV3(info) ] -> Try to register API namespace /downloadsV2 = interface org.jdownloader.api.downloads.v2.DownloadsAPIV2
43|Log.L.log 12/23/25 6:10:12 PM - INFO [ org.appwork.loggingv3.LogV3(info) ] -> Try to register API namespace /downloadcontroller = interface org.jdownloader.api.downloads.v2.DownloadWatchdogAPI
43|Log.L.log 12/23/25 6:10:12 PM - INFO [ org.appwork.loggingv3.LogV3(info) ] -> Try to register API namespace /config = interface org.jdownloader.api.config.AdvancedConfigManagerAPI
43|Log.L.log 12/23/25 6:10:12 PM - INFO [ org.appwork.loggingv3.LogV3(info) ] -> Try to register API namespace /toolbar = interface org.jdownloader.api.toolbar.JDownloaderToolBarAPI
43|Log.L.log 12/23/25 6:10:12 PM - INFO [ org.appwork.loggingv3.LogV3(info) ] -> Try to register API namespace /accounts = interface org.jdownloader.api.accounts.AccountAPI
43|Log.L.log 12/23/25 6:10:12 PM - INFO [ org.appwork.loggingv3.LogV3(info) ] -> Try to register API namespace /accountsV2 = interface org.jdownloader.api.accounts.v2.AccountAPIV2
43|Log.L.log 12/23/25 6:10:12 PM - INFO [ org.appwork.loggingv3.LogV3(info) ] -> Try to register API namespace /system = interface org.jdownloader.api.system.SystemAPI
43|Log.L.log 12/23/25 6:10:12 PM - INFO [ org.appwork.loggingv3.LogV3(info) ] -> Try to register API namespace /linkcollector = interface org.jdownloader.api.linkcollector.LinkCollectorAPI
43|Log.L.log 12/23/25 6:10:12 PM - INFO [ org.appwork.loggingv3.LogV3(info) ] -> Try to register API namespace /linkgrabberv2 = interface org.jdownloader.api.linkcollector.v2.LinkCollectorAPIV2
43|Log.L.log 12/23/25 6:10:12 PM - INFO [ org.appwork.loggingv3.LogV3(info) ] -> Try to register API namespace /content = interface org.jdownloader.api.content.ContentAPI
43|Log.L.log 12/23/25 6:10:12 PM - INFO [ org.appwork.loggingv3.LogV3(info) ] -> Try to register API namespace /contentV2 = interface org.jdownloader.api.content.v2.ContentAPIV2
43|Log.L.log 12/23/25 6:10:12 PM - INFO [ org.appwork.loggingv3.LogV3(info) ] -> Try to register API namespace /ui = interface org.jdownloader.api.ui.UIAPI
43|Log.L.log 12/23/25 6:10:12 PM - INFO [ org.appwork.loggingv3.LogV3(info) ] -> Try to register API namespace /polling = interface org.jdownloader.api.polling.PollingAPI
43|Log.L.log 12/23/25 6:10:12 PM - INFO [ org.appwork.loggingv3.LogV3(info) ] -> Try to register API namespace /extraction = interface org.jdownloader.api.extraction.ExtractionAPI
43|Log.L.log 12/23/25 6:10:12 PM - INFO [ org.appwork.loggingv3.LogV3(info) ] -> Try to register API namespace /linkcrawler = interface org.jdownloader.api.linkcrawler.LinkCrawlerAPI
43|Log.L.log 12/23/25 6:10:12 PM - INFO [ org.appwork.loggingv3.LogV3(info) ] -> Try to register API namespace /plugins = interface org.jdownloader.api.plugins.PluginsAPI
43|Log.L.log 12/23/25 6:10:12 PM - INFO [ org.appwork.loggingv3.LogV3(info) ] -> Try to register API namespace / = interface org.jdownloader.api.cnl2.Cnl2APIBasics
43|Log.L.log 12/23/25 6:10:12 PM - INFO [ org.appwork.loggingv3.LogV3(info) ] -> Try to register API namespace /flash = interface org.jdownloader.api.cnl2.Cnl2APIFlash

THREAD: 24
24|Log.L.log 12/23/25 6:10:12 PM - FINER [ org.appwork.storage.JsonKeyValueStorage(<init>) ] -> Read Config: /config/cfg/FILECHOOSER.ejs

THREAD: 43
43|Log.L.log 12/23/25 6:10:12 PM - INFO [ org.appwork.loggingv3.LogV3(info) ] -> Try to register API namespace /downloadevents = interface org.jdownloader.api.downloads.DownloadControllerEventPublisherInterface
43|Log.L.log 12/23/25 6:10:12 PM - INFO [ org.appwork.loggingv3.LogV3(info) ] -> Try to register API namespace /extensions = interface org.jdownloader.api.extensions.ExtensionsAPI
43|Log.L.log 12/23/25 6:10:12 PM - INFO [ org.appwork.loggingv3.LogV3(info) ] -> Try to register API namespace /update = interface org.jdownloader.api.update.UpdateAPI

THREAD: 24
24|Log.L.log 12/23/25 6:10:12 PM - WARNING [ org.appwork.loggingv3.LogV3(warning) ] -> Image warning: width and height should be dividable by 4 for proper highDPI display!: prio_3: 18x18
24|Log.L.log 12/23/25 6:10:12 PM - WARNING [ org.appwork.loggingv3.LogV3(warning) ] -> Image warning: width and height should be dividable by 4 for proper highDPI display!: prio_2: 18x18
24|Log.L.log 12/23/25 6:10:12 PM - WARNING [ org.appwork.loggingv3.LogV3(warning) ] -> Image warning: width and height should be dividable by 4 for proper highDPI display!: prio_1: 18x18
24|Log.L.log 12/23/25 6:10:12 PM - WARNING [ org.appwork.loggingv3.LogV3(warning) ] -> Image warning: width and height should be dividable by 4 for proper highDPI display!: prio_0: 18x18
24|Log.L.log 12/23/25 6:10:12 PM - WARNING [ org.appwork.loggingv3.LogV3(warning) ] -> Image warning: width and height should be dividable by 4 for proper highDPI display!: prio_-1: 18x18
24|Log.L.log 12/23/25 6:10:12 PM - WARNING [ org.appwork.loggingv3.LogV3(warning) ] -> Image warning: width and height should be dividable by 4 for proper highDPI display!: prio_-2: 18x18
24|Log.L.log 12/23/25 6:10:12 PM - WARNING [ org.appwork.loggingv3.LogV3(warning) ] -> Image warning: width and height should be dividable by 4 for proper highDPI display!: prio_-3: 18x18
24|Log.L.log 12/23/25 6:10:12 PM - WARNING [ org.appwork.loggingv3.LogV3(warning) ] -> Image warning: width and height should be dividable by 4 for proper highDPI display!: true-orange: 18x18
24|Log.L.log 12/23/25 6:10:12 PM - WARNING [ org.appwork.loggingv3.LogV3(warning) ] -> Image warning: width and height should be dividable by 4 for proper highDPI display!: true: 18x18
24|Log.L.log 12/23/25 6:10:12 PM - WARNING [ org.appwork.loggingv3.LogV3(warning) ] -> Image warning: width and height should be dividable by 4 for proper highDPI display!: false: 18x18

THREAD: 43
43|Log.L.log 12/23/25 6:10:12 PM - INFO [ org.appwork.loggingv3.LogV3(info) ] -> Try to register API namespace /device = interface org.jdownloader.api.device.DeviceAPI
43|Log.L.log 12/23/25 6:10:12 PM - INFO [ org.appwork.loggingv3.LogV3(info) ] -> Try to register API namespace /reconnect = interface org.jdownloader.api.reconnect.ReconnectAPI
43|Log.L.log 12/23/25 6:10:12 PM - INFO [ org.appwork.loggingv3.LogV3(info) ] -> Try to register API namespace /log = interface org.jdownloader.api.logs.LogAPI
43|Log.L.log 12/23/25 6:10:12 PM - INFO [ org.appwork.loggingv3.LogV3(info) ] -> Try to register API namespace /dialogs = interface org.jdownloader.api.dialog.DialogApiInterface

THREAD: 59
59|Log.L.log 12/23/25 6:10:12 PM - INFO [ org.appwork.loggingv3.LogV3(info) ] -> Try to register API namespace / = interface org.jdownloader.api.cnl2.Cnl2APIBasics
59|Log.L.log 12/23/25 6:10:12 PM - INFO [ org.appwork.loggingv3.LogV3(info) ] -> Try to register API namespace /flash = interface org.jdownloader.api.cnl2.Cnl2APIFlash

THREAD: 60
60|Log.L.log 12/23/25 6:10:12 PM - INFO [ org.jdownloader.extensions.LazyExtension(_getClassLoader) ] -> Use /config/extensions/Extraction.jar classloader
60|Log.L.log 12/23/25 6:10:12 PM - INFO [ org.appwork.storage.JsonKeyValueStorage(<init>) ] -> Prefer (merged) JSon Storage from File: /config/cfg/org.jdownloader.extensions.extraction.ExtractionExtension.json

THREAD: 65
65|Log.L.log 12/23/25 6:10:12 PM - INFO [ org.appwork.storage.JsonKeyValueStorage(<init>) ] -> CFG File does not exist: /config/cfg/org.jdownloader.captcha.v2.solver.jac.JACSolverConfig.json

THREAD: 43
43|Log.L.log 12/23/25 6:10:12 PM - INFO [ jd.controlling.DelayWriteController(init) ] -> DelayWriteMode: AUTO
43|Log.L.log 12/23/25 6:10:12 PM - INFO [ jd.controlling.DelayWriteController(init) ] -> DelayedWrites disabled!

THREAD: 24
24|Log.L.log 12/23/25 6:10:12 PM - FINER [ org.appwork.storage.JsonKeyValueStorage(<init>) ] -> Read Config: /config/cfg/ExtTable_FilterTableModel.json
24|Log.L.log 12/23/25 6:10:12 PM - FINER [ org.appwork.loggingv3.LogV3(finer) ] -> Read Config(File): /config/cfg/org.jdownloader.controlling.filter.LinkFilterSettings.filterlist.json
24|Log.L.log 12/23/25 6:10:12 PM - FINER [ org.appwork.storage.JsonKeyValueStorage(<init>) ] -> Read Config: /config/cfg/quickfilters.json

THREAD: 65
65|Log.L.log 12/23/25 6:10:12 PM - FINER [ org.appwork.loggingv3.LogV3(finer) ] -> Read Config(File): /config/cfg/org.jdownloader.captcha.v2.solver.jac.JACSolverConfig.jacthreshold.json

THREAD: 24
24|Log.L.log 12/23/25 6:10:12 PM - INFO [ org.appwork.storage.JsonKeyValueStorage(<init>) ] -> CFG File does not exist: /config/cfg/menus_v2/LinkgrabberContext.json

THREAD: 65
65|Log.L.log 12/23/25 6:10:12 PM - INFO [ org.appwork.storage.JsonKeyValueStorage(<init>) ] -> Prefer (merged) JSon Storage from File: /config/cfg/org.jdownloader.captcha.v2.solver.dbc.DeathByCaptchaSettings.json
65|Log.L.log 12/23/25 6:10:12 PM - INFO [ org.appwork.loggingv3.LogV3(info) ] -> Overridden Config Key found public abstract boolean org.jdownloader.captcha.v2.solver.dbc.DeathByCaptchaSettings.isEnabled()<-->public abstract boolean org.jdownloader.captcha.v2.ChallengeSolverConfig.isEnabled()
65|Log.L.log 12/23/25 6:10:12 PM - INFO [ org.appwork.storage.JsonKeyValueStorage(<init>) ] -> Prefer (merged) JSon Storage from File: /config/cfg/org.jdownloader.captcha.v2.solver.imagetyperz.ImageTyperzConfigInterface.json
65|Log.L.log 12/23/25 6:10:12 PM - INFO [ org.appwork.loggingv3.LogV3(info) ] -> Overridden Config Key found public abstract boolean org.jdownloader.captcha.v2.solver.imagetyperz.ImageTyperzConfigInterface.isEnabled()<-->public abstract boolean org.jdownloader.captcha.v2.ChallengeSolverConfig.isEnabled()

THREAD: 24
24|Log.L.log 12/23/25 6:10:12 PM - WARNING [ org.appwork.loggingv3.LogV3(warning) ] -> Image warning: width and height should be dividable by 4 for proper highDPI display!: exttable/columnButton: 10x10

THREAD: 59
59|Log.L.log 12/23/25 6:10:12 PM - INFO [ org.appwork.loggingv3.LogV3(info) ] -> Try to bind Server to /127.0.0.1:9666
59|Log.L.log 12/23/25 6:10:12 PM - INFO [ org.appwork.loggingv3.LogV3(info) ] -> Try to bind Server to /0:0:0:0:0:0:0:1%lo:9666
59|Log.L.log 12/23/25 6:10:12 PM - FINE [ org.appwork.loggingv3.LogV3(fine) ] -> Start HTTP Server. 9666->9666|LocalHost:true

THREAD: 65
65|Log.L.log 12/23/25 6:10:12 PM - INFO [ org.appwork.storage.JsonKeyValueStorage(<init>) ] -> Prefer (merged) JSon Storage from File: /config/cfg/org.jdownloader.captcha.v2.solver.cheapcaptcha.CheapCaptchaConfigInterface.json
65|Log.L.log 12/23/25 6:10:12 PM - INFO [ org.appwork.loggingv3.LogV3(info) ] -> Overridden Config Key found public abstract boolean org.jdownloader.captcha.v2.solver.cheapcaptcha.CheapCaptchaConfigInterface.isEnabled()<-->public abstract boolean org.jdownloader.captcha.v2.ChallengeSolverConfig.isEnabled()

THREAD: 24
24|Log.L.log 12/23/25 6:10:12 PM - WARNING [ org.appwork.loggingv3.LogV3(warning) ] -> Image warning: width and height should be dividable by 4 for proper highDPI display!: exttable/columnButton: 14x14

THREAD: 65
65|Log.L.log 12/23/25 6:10:12 PM - INFO [ org.appwork.storage.JsonKeyValueStorage(<init>) ] -> Prefer (merged) JSon Storage from File: /config/cfg/org.jdownloader.captcha.v2.solver.twocaptcha.TwoCaptchaConfigInterface.json
65|Log.L.log 12/23/25 6:10:12 PM - INFO [ org.appwork.loggingv3.LogV3(info) ] -> Overridden Config Key found public abstract boolean org.jdownloader.captcha.v2.solver.twocaptcha.TwoCaptchaConfigInterface.isEnabled()<-->public abstract boolean org.jdownloader.captcha.v2.ChallengeSolverConfig.isEnabled()

THREAD: 60
60|Log.L.log 12/23/25 6:10:12 PM - FINER [ org.appwork.loggingv3.LogV3(finer) ] -> Load Translation file:/config/translations/org/jdownloader/extensions/extraction/translate/ExtractionTranslation.en.lng/null

THREAD: 65
65|Log.L.log 12/23/25 6:10:12 PM - INFO [ org.appwork.storage.JsonKeyValueStorage(<init>) ] -> Prefer (merged) JSon Storage from File: /config/cfg/org.jdownloader.captcha.v2.solver.antiCaptchaCom.AntiCaptchaComConfigInterface.json
65|Log.L.log 12/23/25 6:10:12 PM - INFO [ org.appwork.loggingv3.LogV3(info) ] -> Overridden Config Key found public abstract boolean org.jdownloader.captcha.v2.solver.antiCaptchaCom.AntiCaptchaComConfigInterface.isEnabled()<-->public abstract boolean org.jdownloader.captcha.v2.ChallengeSolverConfig.isEnabled()
65|Log.L.log 12/23/25 6:10:12 PM - INFO [ org.appwork.storage.JsonKeyValueStorage(<init>) ] -> Prefer (merged) JSon Storage from File: /config/cfg/org.jdownloader.captcha.v2.solver.endcaptcha.EndCaptchaConfigInterface.json
65|Log.L.log 12/23/25 6:10:12 PM - INFO [ org.appwork.loggingv3.LogV3(info) ] -> Overridden Config Key found public abstract boolean org.jdownloader.captcha.v2.solver.endcaptcha.EndCaptchaConfigInterface.isEnabled()<-->public abstract boolean org.jdownloader.captcha.v2.ChallengeSolverConfig.isEnabled()

THREAD: 24
24|Log.L.log 12/23/25 6:10:12 PM - WARNING [ org.appwork.loggingv3.LogV3(warning) ] -> Image warning: width and height should be dividable by 4 for proper highDPI display!: close: 10x10
24|Log.L.log 12/23/25 6:10:12 PM - WARNING [ org.appwork.loggingv3.LogV3(warning) ] -> Image warning: width and height should be dividable by 4 for proper highDPI display!: wrench: 10x10

THREAD: 65
65|Log.L.log 12/23/25 6:10:12 PM - INFO [ org.appwork.storage.JsonKeyValueStorage(<init>) ] -> Prefer (merged) JSon Storage from File: /config/cfg/org.jdownloader.captcha.v2.solver.solver9kw.Captcha9kwSettings.json
65|Log.L.log 12/23/25 6:10:12 PM - INFO [ org.appwork.loggingv3.LogV3(info) ] -> Overridden Config Key found public abstract boolean org.jdownloader.captcha.v2.solver.solver9kw.Captcha9kwSettings.isEnabled()<-->public abstract boolean org.jdownloader.captcha.v2.ChallengeSolverConfig.isEnabled()
65|Log.L.log 12/23/25 6:10:12 PM - INFO [ org.appwork.storage.JsonKeyValueStorage(<init>) ] -> CFG File does not exist: /config/cfg/org.jdownloader.captcha.v2.solver.gui.DialogCaptchaSolverConfig.json
65|Log.L.log 12/23/25 6:10:12 PM - INFO [ org.appwork.storage.JsonKeyValueStorage(<init>) ] -> CFG File does not exist: /config/cfg/org.jdownloader.captcha.v2.solver.browser.BrowserCaptchaSolverConfig.json

THREAD: 60
60|Log.L.log 12/23/25 6:10:12 PM - INFO [ org.appwork.storage.JsonKeyValueStorage(<init>) ] -> CFG File does not exist: /config/cfg/menus_v2/DownloadTableContext.json
60|Log.L.log 12/23/25 6:10:12 PM - INFO [ org.appwork.storage.JsonKeyValueStorage(<init>) ] -> CFG File does not exist: /config/cfg/menus_v2/MainMenu.json
60|Log.L.log 12/23/25 6:10:12 PM - INFO [ org.appwork.storage.JsonKeyValueStorage(<init>) ] -> CFG File does not exist: /config/cfg/menus_v2/MainToolbar.json
Start Update

THREAD: 74
74|Log.L.log 12/23/25 6:10:12 PM - FINER [ org.appwork.loggingv3.LogV3(finer) ] -> Load Translation file:/config/translations/org/jdownloader/updatev2/UpdaterTranslation.en.lng/null

THREAD: 24
24|Log.L.log 12/23/25 6:10:12 PM - WARNING [ org.appwork.loggingv3.LogV3(warning) ] -> Image warning: width and height should be dividable by 4 for proper highDPI display!: add: 18x18
24|Log.L.log 12/23/25 6:10:12 PM - WARNING [ org.appwork.loggingv3.LogV3(warning) ] -> Image warning: width and height should be dividable by 4 for proper highDPI display!: chunks: 18x18
24|Log.L.log 12/23/25 6:10:12 PM - WARNING [ org.appwork.loggingv3.LogV3(warning) ] -> Image warning: width and height should be dividable by 4 for proper highDPI display!: batch: 18x18
24|Log.L.log 12/23/25 6:10:12 PM - WARNING [ org.appwork.loggingv3.LogV3(warning) ] -> Image warning: width and height should be dividable by 4 for proper highDPI display!: speed: 18x18
24|Log.L.log 12/23/25 6:10:12 PM - WARNING [ org.appwork.loggingv3.LogV3(warning) ] -> Image warning: width and height should be dividable by 4 for proper highDPI display!: paralell: 18x18
24|Log.L.log 12/23/25 6:10:12 PM - FINER [ org.appwork.storage.JsonKeyValueStorage(<init>) ] -> Read Config: /config/cfg/ExtTable_ExtractionJobTableModel4.json
24|Log.L.log 12/23/25 6:10:12 PM - FINER [ org.appwork.loggingv3.LogV3(finer) ] -> Read Config(File): /config/cfg/menus_v2/MainMenu.menu.json
24|Log.L.log 12/23/25 6:10:12 PM - WARNING [ org.appwork.loggingv3.LogV3(warning) ] -> Default missing for: public abstract java.lang.String org.jdownloader.gui.translate.GuiTranslation.action_help_tooltip()
24|Log.L.log 12/23/25 6:10:12 PM - WARNING [ org.appwork.loggingv3.LogV3(warning) ] -> Default missing for: public abstract java.lang.String org.jdownloader.gui.translate.GuiTranslation.action_changelog_tooltip()
24|Log.L.log 12/23/25 6:10:12 PM - WARNING [ org.appwork.loggingv3.LogV3(warning) ] -> Image warning: width and height should be dividable by 4 for proper highDPI display!: file: 18x18
24|Log.L.log 12/23/25 6:10:12 PM - WARNING [ org.appwork.loggingv3.LogV3(warning) ] -> Image warning: width and height should be dividable by 4 for proper highDPI display!: backup: 18x18
24|Log.L.log 12/23/25 6:10:12 PM - WARNING [ org.appwork.loggingv3.LogV3(warning) ] -> Image warning: width and height should be dividable by 4 for proper highDPI display!: save: 18x18
24|Log.L.log 12/23/25 6:10:12 PM - WARNING [ org.appwork.loggingv3.LogV3(warning) ] -> Image warning: width and height should be dividable by 4 for proper highDPI display!: load: 18x18
24|Log.L.log 12/23/25 6:10:12 PM - WARNING [ org.appwork.loggingv3.LogV3(warning) ] -> Image warning: width and height should be dividable by 4 for proper highDPI display!: restart: 18x18
24|Log.L.log 12/23/25 6:10:12 PM - WARNING [ org.appwork.loggingv3.LogV3(warning) ] -> Image warning: width and height should be dividable by 4 for proper highDPI display!: exit: 18x18
24|Log.L.log 12/23/25 6:10:12 PM - WARNING [ org.appwork.loggingv3.LogV3(warning) ] -> Image warning: width and height should be dividable by 4 for proper highDPI display!: settings: 18x18
24|Log.L.log 12/23/25 6:10:12 PM - WARNING [ org.appwork.loggingv3.LogV3(warning) ] -> Image warning: width and height should be dividable by 4 for proper highDPI display!: logo/myjdownloader: 18x18
24|Log.L.log 12/23/25 6:10:12 PM - WARNING [ org.appwork.loggingv3.LogV3(warning) ] -> Image warning: width and height should be dividable by 4 for proper highDPI display!: extension: 18x18
24|Log.L.log 12/23/25 6:10:12 PM - WARNING [ org.appwork.loggingv3.LogV3(warning) ] -> Image warning: width and height should be dividable by 4 for proper highDPI display!: extract: 18x18
24|Log.L.log 12/23/25 6:10:12 PM - WARNING [ org.appwork.loggingv3.LogV3(warning) ] -> Image warning: width and height should be dividable by 4 for proper highDPI display!: help: 18x18
24|Log.L.log 12/23/25 6:10:12 PM - WARNING [ org.appwork.loggingv3.LogV3(warning) ] -> Image warning: width and height should be dividable by 4 for proper highDPI display!: log: 18x18
24|Log.L.log 12/23/25 6:10:12 PM - WARNING [ org.appwork.loggingv3.LogV3(warning) ] -> Image warning: width and height should be dividable by 4 for proper highDPI display!: update: 18x18
24|Log.L.log 12/23/25 6:10:12 PM - WARNING [ org.appwork.loggingv3.LogV3(warning) ] -> Image warning: width and height should be dividable by 4 for proper highDPI display!: changelog: 18x18
24|Log.L.log 12/23/25 6:10:12 PM - WARNING [ org.appwork.loggingv3.LogV3(warning) ] -> Image warning: width and height should be dividable by 4 for proper highDPI display!: xmas-gift: 18x18
24|Log.L.log 12/23/25 6:10:12 PM - WARNING [ org.appwork.loggingv3.LogV3(warning) ] -> Image warning: width and height should be dividable by 4 for proper highDPI display!: about: 18x18
24|Log.L.log 12/23/25 6:10:12 PM - FINER [ org.appwork.loggingv3.LogV3(finer) ] -> Read Config(File): /config/cfg/menus_v2/MainToolbar.menu.json
24|Log.L.log 12/23/25 6:10:12 PM - WARNING [ org.appwork.loggingv3.LogV3(warning) ] -> Image warning: width and height should be dividable by 4 for proper highDPI display!: go-top: 18x18
24|Log.L.log 12/23/25 6:10:12 PM - WARNING [ org.appwork.loggingv3.LogV3(warning) ] -> Image warning: width and height should be dividable by 4 for proper highDPI display!: go-up: 18x18
24|Log.L.log 12/23/25 6:10:12 PM - WARNING [ org.appwork.loggingv3.LogV3(warning) ] -> Image warning: width and height should be dividable by 4 for proper highDPI display!: go-down: 18x18
24|Log.L.log 12/23/25 6:10:12 PM - WARNING [ org.appwork.loggingv3.LogV3(warning) ] -> Image warning: width and height should be dividable by 4 for proper highDPI display!: go-bottom: 18x18
24|Log.L.log 12/23/25 6:10:12 PM - FINER [ org.appwork.loggingv3.LogV3(finer) ] -> Read Config(File): /config/cfg/menus_v2/DownloadTabBottomBar.menu.json
24|Log.L.log 12/23/25 6:10:12 PM - WARNING [ org.appwork.loggingv3.LogV3(warning) ] -> Image warning: width and height should be dividable by 4 for proper highDPI display!: delete: 18x18
24|Log.L.log 12/23/25 6:10:12 PM - WARNING [ org.appwork.loggingv3.LogV3(warning) ] -> Image warning: width and height should be dividable by 4 for proper highDPI display!: download: 18x18
24|Log.L.log 12/23/25 6:10:12 PM - WARNING [ org.appwork.loggingv3.LogV3(warning) ] -> Image warning: width and height should be dividable by 4 for proper highDPI display!: media-playback-start: 18x18
24|Log.L.log 12/23/25 6:10:12 PM - WARNING [ org.appwork.loggingv3.LogV3(warning) ] -> Image warning: width and height should be dividable by 4 for proper highDPI display!: error: 18x18
24|Log.L.log 12/23/25 6:10:12 PM - WARNING [ org.appwork.loggingv3.LogV3(warning) ] -> Image warning: width and height should be dividable by 4 for proper highDPI display!: skipped: 18x18
24|Log.L.log 12/23/25 6:10:12 PM - WARNING [ org.appwork.loggingv3.LogV3(warning) ] -> Image warning: width and height should be dividable by 4 for proper highDPI display!: ok: 18x17
24|Log.L.log 12/23/25 6:10:12 PM - WARNING [ org.appwork.loggingv3.LogV3(warning) ] -> Image warning: width and height should be dividable by 4 for proper highDPI display!: wait: 18x18
24|Log.L.log 12/23/25 6:10:12 PM - WARNING [ org.appwork.loggingv3.LogV3(warning) ] -> Image warning: width and height should be dividable by 4 for proper highDPI display!: settings: 18x18
24|Log.L.log 12/23/25 6:10:12 PM - FINER [ org.appwork.loggingv3.LogV3(finer) ] -> Read Config(File): /config/cfg/menus_v2/DownloadTableContext.menu.json
24|Log.L.log 12/23/25 6:10:12 PM - WARNING [ org.appwork.loggingv3.LogV3(warning) ] -> Default missing for: public abstract java.lang.String org.jdownloader.gui.translate.GuiTranslation.action_addcontainer_tooltip()
24|Log.L.log 12/23/25 6:10:12 PM - WARNING [ org.appwork.loggingv3.LogV3(warning) ] -> Image warning: width and height should be dividable by 4 for proper highDPI display!: select: 18x18

THREAD: 74
74|Log.L.log 12/23/25 6:10:12 PM - FINER [ org.appwork.loggingv3.LogV3(finer) ] -> Read Config(URL): jar:file:/config/JDownloader.jar!/cfg/updateclient/Setup.updateservers.json

THREAD: 24
24|Log.L.log 12/23/25 6:10:12 PM - WARNING [ org.appwork.loggingv3.LogV3(warning) ] -> Image warning: width and height should be dividable by 4 for proper highDPI display!: text: 18x18
24|Log.L.log 12/23/25 6:10:12 PM - FINER [ org.appwork.loggingv3.LogV3(finer) ] -> Read Config(File): /config/cfg/menus_v2/LinkgrabberContext.menu.json
24|Log.L.log 12/23/25 6:10:12 PM - WARNING [ org.appwork.loggingv3.LogV3(warning) ] -> Image warning: width and height should be dividable by 4 for proper highDPI display!: add: 14x14
24|Log.L.log 12/23/25 6:10:12 PM - FINER [ org.appwork.loggingv3.LogV3(finer) ] -> Read Config(File): /config/cfg/menus_v2/LinkgrabberTabBottomBar.menu.json
24|Log.L.log 12/23/25 6:10:12 PM - WARNING [ org.appwork.loggingv3.LogV3(warning) ] -> Image warning: width and height should be dividable by 4 for proper highDPI display!: prio_3: 14x14
24|Log.L.log 12/23/25 6:10:12 PM - WARNING [ org.appwork.loggingv3.LogV3(warning) ] -> Image warning: width and height should be dividable by 4 for proper highDPI display!: reset: 18x18
24|Log.L.log 12/23/25 6:10:12 PM - WARNING [ org.appwork.loggingv3.LogV3(warning) ] -> Image warning: width and height should be dividable by 4 for proper highDPI display!: filter: 18x18
Found: []
Found: []
Found: []
Found: []

THREAD: 83
83|Log.L.log 12/23/25 6:10:13 PM - WARNING [ org.appwork.loggingv3.LogV3(warning) ] -> Image warning: width and height should be dividable by 4 for proper highDPI display!: banner/rapidgator.net_en: 369x25
83|Log.L.log 12/23/25 6:10:13 PM - WARNING [ org.appwork.loggingv3.LogV3(warning) ] -> Image warning: width and height should be dividable by 4 for proper highDPI display!: banner/keep2share.cc_en: 369x25
83|Log.L.log 12/23/25 6:10:13 PM - WARNING [ org.appwork.loggingv3.LogV3(warning) ] -> Image warning: width and height should be dividable by 4 for proper highDPI display!: banner/ddownload.com_en: 369x25
83|Log.L.log 12/23/25 6:10:13 PM - WARNING [ org.appwork.loggingv3.LogV3(warning) ] -> Image warning: width and height should be dividable by 4 for proper highDPI display!: banner/filejoker.net_en: 369x25
83|Log.L.log 12/23/25 6:10:13 PM - WARNING [ org.appwork.loggingv3.LogV3(warning) ] -> Image warning: width and height should be dividable by 4 for proper highDPI display!: banner/filer.net_en: 369x25

THREAD: 33
33|Log.L.log 12/23/25 6:10:16 PM - FINER [ org.appwork.utils.logging2.extmanager.ExtLogManager(getLogger) ] -> Ignored: org.bouncycastle.util.io.pem.PemReader
33|Log.L.log 12/23/25 6:10:16 PM - FINER [ org.appwork.utils.logging2.extmanager.ExtLogManager(getLogger) ] -> Ignored: org.bouncycastle.crypto.CryptoServicesRegistrar
