ERROR | 07:57:40 PM | vscode-loader: Could not parse file /home/emon/dotfiles/customization/.local/share/nvim/lazy/laravel-blade-snippets-vscode/snippets/snippets.json: Expected object key string but found invalid token at character 5
ERROR | 07:57:40 PM | vscode-loader: Reading json from file `/home/emon/dotfiles/customization/.local/share/nvim/lazy/laravel-blade-snippets-vscode/snippets/snippets.json` failed, skipping it.
ERROR | 07:57:40 PM | vscode-loader: Could not parse file /home/emon/dotfiles/customization/.local/share/nvim/lazy/laravel-blade-snippets-vscode/snippets/helpers.json: Expected object key string but found invalid token at character 5
ERROR | 07:57:40 PM | vscode-loader: Reading json from file `/home/emon/dotfiles/customization/.local/share/nvim/lazy/laravel-blade-snippets-vscode/snippets/helpers.json` failed, skipping it.
ERROR | 08:00:18 PM | vscode-loader: Could not parse file /home/emon/dotfiles/customization/.local/share/nvim/lazy/laravel-blade-snippets-vscode/snippets/snippets.json: Expected object key string but found invalid token at character 5
ERROR | 08:00:18 PM | vscode-loader: Reading json from file `/home/emon/dotfiles/customization/.local/share/nvim/lazy/laravel-blade-snippets-vscode/snippets/snippets.json` failed, skipping it.
ERROR | 08:00:18 PM | vscode-loader: Could not parse file /home/emon/dotfiles/customization/.local/share/nvim/lazy/laravel-blade-snippets-vscode/snippets/helpers.json: Expected object key string but found invalid token at character 5
ERROR | 08:00:18 PM | vscode-loader: Reading json from file `/home/emon/dotfiles/customization/.local/share/nvim/lazy/laravel-blade-snippets-vscode/snippets/helpers.json` failed, skipping it.
ERROR | 08:14:48 PM | vscode-loader: Could not parse file /home/emon/dotfiles/customization/.local/share/nvim/lazy/laravel-blade-snippets-vscode/snippets/helpers.json: Expected object key string but found invalid token at character 5
ERROR | 08:14:48 PM | vscode-loader: Reading json from file `/home/emon/dotfiles/customization/.local/share/nvim/lazy/laravel-blade-snippets-vscode/snippets/helpers.json` failed, skipping it.
ERROR | 08:14:48 PM | vscode-loader: Could not parse file /home/emon/dotfiles/customization/.local/share/nvim/lazy/laravel-blade-snippets-vscode/snippets/snippets.json: Expected object key string but found invalid token at character 5
ERROR | 08:14:48 PM | vscode-loader: Reading json from file `/home/emon/dotfiles/customization/.local/share/nvim/lazy/laravel-blade-snippets-vscode/snippets/snippets.json` failed, skipping it.
ERROR | 05:32:47 AM | vscode-loader: Could not parse file /home/emon/dotfiles/customization/.local/share/nvim/lazy/laravel-blade-snippets-vscode/snippets/helpers.json: Expected object key string but found invalid token at character 5
ERROR | 05:32:47 AM | vscode-loader: Reading json from file `/home/emon/dotfiles/customization/.local/share/nvim/lazy/laravel-blade-snippets-vscode/snippets/helpers.json` failed, skipping it.
ERROR | 05:32:47 AM | vscode-loader: Could not parse file /home/emon/dotfiles/customization/.local/share/nvim/lazy/laravel-blade-snippets-vscode/snippets/snippets.json: Expected object key string but found invalid token at character 5
ERROR | 05:32:47 AM | vscode-loader: Reading json from file `/home/emon/dotfiles/customization/.local/share/nvim/lazy/laravel-blade-snippets-vscode/snippets/snippets.json` failed, skipping it.
ERROR | 06:00:34 AM | vscode-loader: Could not parse file /home/emon/dotfiles/customization/.local/share/nvim/lazy/laravel-blade-snippets-vscode/snippets/snippets.json: Expected object key string but found invalid token at character 5
ERROR | 06:00:34 AM | vscode-loader: Reading json from file `/home/emon/dotfiles/customization/.local/share/nvim/lazy/laravel-blade-snippets-vscode/snippets/snippets.json` failed, skipping it.
ERROR | 06:00:34 AM | vscode-loader: Could not parse file /home/emon/dotfiles/customization/.local/share/nvim/lazy/laravel-blade-snippets-vscode/snippets/helpers.json: Expected object key string but found invalid token at character 5
ERROR | 06:00:34 AM | vscode-loader: Reading json from file `/home/emon/dotfiles/customization/.local/share/nvim/lazy/laravel-blade-snippets-vscode/snippets/helpers.json` failed, skipping it.
