[INFO  Fri 04 Jul 2025 07:48:46 PM +06] ...e/nvim/lazy/mason.nvim/lua/mason-core/installer/init.lua:184: Executing installer for Package(name=vue-language-server) {}
[INFO  Fri 04 Jul 2025 07:48:46 PM +06] ...e/nvim/lazy/mason.nvim/lua/mason-core/installer/init.lua:184: Executing installer for Package(name=tailwindcss-language-server) {}
[INFO  Fri 04 Jul 2025 07:48:46 PM +06] ...e/nvim/lazy/mason.nvim/lua/mason-core/installer/init.lua:184: Executing installer for Package(name=lua-language-server) {}
[INFO  Fri 04 Jul 2025 07:48:46 PM +06] ...e/nvim/lazy/mason.nvim/lua/mason-core/installer/init.lua:184: Executing installer for Package(name=intelephense) {}
[INFO  Fri 04 Jul 2025 07:48:46 PM +06] ...e/nvim/lazy/mason.nvim/lua/mason-core/installer/init.lua:184: Executing installer for Package(name=json-lsp) {}
[ERROR Fri 04 Jul 2025 07:48:46 PM +06] ...e/nvim/lazy/mason.nvim/lua/mason-core/installer/init.lua:249: Installation failed for Package(name=vue-language-server) error=spawn: npm failed with exit code - and signal -. npm is not executable
[INFO  Fri 04 Jul 2025 07:48:46 PM +06] ...e/nvim/lazy/mason.nvim/lua/mason-core/installer/init.lua:184: Executing installer for Package(name=emmet-ls) {}
[ERROR Fri 04 Jul 2025 07:48:46 PM +06] ...e/nvim/lazy/mason.nvim/lua/mason-core/installer/init.lua:249: Installation failed for Package(name=tailwindcss-language-server) error=spawn: npm failed with exit code - and signal -. npm is not executable
[INFO  Fri 04 Jul 2025 07:48:47 PM +06] ...e/nvim/lazy/mason.nvim/lua/mason-core/installer/init.lua:184: Executing installer for Package(name=typescript-language-server) {}
[ERROR Fri 04 Jul 2025 07:48:47 PM +06] ...e/nvim/lazy/mason.nvim/lua/mason-core/installer/init.lua:249: Installation failed for Package(name=intelephense) error=spawn: npm failed with exit code - and signal -. npm is not executable
[INFO  Fri 04 Jul 2025 07:48:48 PM +06] ...e/nvim/lazy/mason.nvim/lua/mason-core/installer/init.lua:184: Executing installer for Package(name=yaml-language-server) {}
[ERROR Fri 04 Jul 2025 07:48:48 PM +06] ...e/nvim/lazy/mason.nvim/lua/mason-core/installer/init.lua:249: Installation failed for Package(name=json-lsp) error=spawn: npm failed with exit code - and signal -. npm is not executable
[ERROR Fri 04 Jul 2025 07:48:48 PM +06] ...e/nvim/lazy/mason.nvim/lua/mason-core/installer/init.lua:249: Installation failed for Package(name=emmet-ls) error=spawn: npm failed with exit code - and signal -. npm is not executable
[ERROR Fri 04 Jul 2025 07:48:48 PM +06] ...e/nvim/lazy/mason.nvim/lua/mason-core/installer/init.lua:249: Installation failed for Package(name=typescript-language-server) error=spawn: npm failed with exit code - and signal -. npm is not executable
[ERROR Fri 04 Jul 2025 07:48:48 PM +06] ...e/nvim/lazy/mason.nvim/lua/mason-core/installer/init.lua:249: Installation failed for Package(name=yaml-language-server) error=spawn: npm failed with exit code - and signal -. npm is not executable
[INFO  Fri 04 Jul 2025 07:48:50 PM +06] ...e/nvim/lazy/mason.nvim/lua/mason-core/installer/init.lua:245: Installation succeeded for Package(name=lua-language-server)
[INFO  Fri 04 Jul 2025 07:53:23 PM +06] ...e/nvim/lazy/mason.nvim/lua/mason-core/installer/init.lua:184: Executing installer for Package(name=vue-language-server) {}
[INFO  Fri 04 Jul 2025 07:53:23 PM +06] ...e/nvim/lazy/mason.nvim/lua/mason-core/installer/init.lua:184: Executing installer for Package(name=yaml-language-server) {}
[INFO  Fri 04 Jul 2025 07:53:23 PM +06] ...e/nvim/lazy/mason.nvim/lua/mason-core/installer/init.lua:184: Executing installer for Package(name=tailwindcss-language-server) {}
[INFO  Fri 04 Jul 2025 07:53:23 PM +06] ...e/nvim/lazy/mason.nvim/lua/mason-core/installer/init.lua:184: Executing installer for Package(name=intelephense) {}
[INFO  Fri 04 Jul 2025 07:53:24 PM +06] ...e/nvim/lazy/mason.nvim/lua/mason-core/installer/init.lua:184: Executing installer for Package(name=json-lsp) {}
[ERROR Fri 04 Jul 2025 07:53:24 PM +06] ...e/nvim/lazy/mason.nvim/lua/mason-core/installer/init.lua:249: Installation failed for Package(name=vue-language-server) error=spawn: npm failed with exit code - and signal -. npm is not executable
[INFO  Fri 04 Jul 2025 07:53:24 PM +06] ...e/nvim/lazy/mason.nvim/lua/mason-core/installer/init.lua:184: Executing installer for Package(name=typescript-language-server) {}
[ERROR Fri 04 Jul 2025 07:53:24 PM +06] ...e/nvim/lazy/mason.nvim/lua/mason-core/installer/init.lua:249: Installation failed for Package(name=tailwindcss-language-server) error=spawn: npm failed with exit code - and signal -. npm is not executable
[INFO  Fri 04 Jul 2025 07:53:24 PM +06] ...e/nvim/lazy/mason.nvim/lua/mason-core/installer/init.lua:184: Executing installer for Package(name=emmet-ls) {}
[ERROR Fri 04 Jul 2025 07:53:24 PM +06] ...e/nvim/lazy/mason.nvim/lua/mason-core/installer/init.lua:249: Installation failed for Package(name=yaml-language-server) error=spawn: npm failed with exit code - and signal -. npm is not executable
[ERROR Fri 04 Jul 2025 07:53:24 PM +06] ...e/nvim/lazy/mason.nvim/lua/mason-core/installer/init.lua:249: Installation failed for Package(name=intelephense) error=spawn: npm failed with exit code - and signal -. npm is not executable
[ERROR Fri 04 Jul 2025 07:53:24 PM +06] ...e/nvim/lazy/mason.nvim/lua/mason-core/installer/init.lua:249: Installation failed for Package(name=emmet-ls) error=spawn: npm failed with exit code - and signal -. npm is not executable
[ERROR Fri 04 Jul 2025 07:53:24 PM +06] ...e/nvim/lazy/mason.nvim/lua/mason-core/installer/init.lua:249: Installation failed for Package(name=typescript-language-server) error=spawn: npm failed with exit code - and signal -. npm is not executable
[ERROR Fri 04 Jul 2025 07:53:24 PM +06] ...e/nvim/lazy/mason.nvim/lua/mason-core/installer/init.lua:249: Installation failed for Package(name=json-lsp) error=spawn: npm failed with exit code - and signal -. npm is not executable
[WARN  Fri 04 Jul 2025 07:54:30 PM +06] ...nvim/lazy/mason.nvim/lua/mason-registry/sources/init.lua:148: Ignoring duplicate registry entry "github:mason-org/mason-registry" (duplicate of "github:mason-org/mason-registry")
[INFO  Fri 04 Jul 2025 07:54:35 PM +06] ...zy/mason.nvim/lua/mason-core/installer/InstallRunner.lua:40: Executing installer for Package(name=yaml-language-server) {
  debug = false,
  force = false,
  strict = false
}
[INFO  Fri 04 Jul 2025 07:54:35 PM +06] ...zy/mason.nvim/lua/mason-core/installer/InstallRunner.lua:40: Executing installer for Package(name=emmet-ls) {
  debug = false,
  force = false,
  strict = false
}
[INFO  Fri 04 Jul 2025 07:54:35 PM +06] ...zy/mason.nvim/lua/mason-core/installer/InstallRunner.lua:40: Executing installer for Package(name=tailwindcss-language-server) {
  debug = false,
  force = false,
  strict = false
}
[INFO  Fri 04 Jul 2025 07:54:35 PM +06] ...zy/mason.nvim/lua/mason-core/installer/InstallRunner.lua:40: Executing installer for Package(name=intelephense) {
  debug = false,
  force = false,
  strict = false
}
[INFO  Fri 04 Jul 2025 07:54:35 PM +06] ...zy/mason.nvim/lua/mason-core/installer/InstallRunner.lua:40: Executing installer for Package(name=json-lsp) {
  debug = false,
  force = false,
  strict = false
}
[INFO  Fri 04 Jul 2025 07:54:35 PM +06] ...zy/mason.nvim/lua/mason-core/installer/InstallRunner.lua:40: Executing installer for Package(name=typescript-language-server) {
  debug = false,
  force = false,
  strict = false
}
[ERROR Fri 04 Jul 2025 07:54:35 PM +06] ...l/share/nvim/lazy/mason.nvim/lua/mason-registry/init.lua:31: Cannot find package "\"volar\"".
[ERROR Fri 04 Jul 2025 07:54:36 PM +06] ...al/share/nvim/lazy/mason.nvim/lua/mason-core/process.lua:225: Failed to spawn process. cmd="npm", err="ENOENT: no such file or directory"
[ERROR Fri 04 Jul 2025 07:54:36 PM +06] ...al/share/nvim/lazy/mason.nvim/lua/mason-core/process.lua:225: Failed to spawn process. cmd="npm", err="ENOENT: no such file or directory"
[ERROR Fri 04 Jul 2025 07:54:36 PM +06] ...zy/mason.nvim/lua/mason-core/installer/InstallRunner.lua:93: Installation failed for Package(name=yaml-language-server) error=spawn: npm failed with exit code - and signal -. Could not find executable "npm" in PATH.

[ERROR Fri 04 Jul 2025 07:54:36 PM +06] ...al/share/nvim/lazy/mason.nvim/lua/mason-core/process.lua:225: Failed to spawn process. cmd="npm", err="ENOENT: no such file or directory"
[ERROR Fri 04 Jul 2025 07:54:36 PM +06] ...zy/mason.nvim/lua/mason-core/installer/InstallRunner.lua:93: Installation failed for Package(name=emmet-ls) error=spawn: npm failed with exit code - and signal -. Could not find executable "npm" in PATH.

[ERROR Fri 04 Jul 2025 07:54:36 PM +06] ...al/share/nvim/lazy/mason.nvim/lua/mason-core/process.lua:225: Failed to spawn process. cmd="npm", err="ENOENT: no such file or directory"
[ERROR Fri 04 Jul 2025 07:54:36 PM +06] ...zy/mason.nvim/lua/mason-core/installer/InstallRunner.lua:93: Installation failed for Package(name=tailwindcss-language-server) error=spawn: npm failed with exit code - and signal -. Could not find executable "npm" in PATH.

[ERROR Fri 04 Jul 2025 07:54:36 PM +06] ...zy/mason.nvim/lua/mason-core/installer/InstallRunner.lua:93: Installation failed for Package(name=intelephense) error=spawn: npm failed with exit code - and signal -. Could not find executable "npm" in PATH.

[ERROR Fri 04 Jul 2025 07:54:36 PM +06] ...al/share/nvim/lazy/mason.nvim/lua/mason-core/process.lua:225: Failed to spawn process. cmd="npm", err="ENOENT: no such file or directory"
[ERROR Fri 04 Jul 2025 07:54:36 PM +06] ...zy/mason.nvim/lua/mason-core/installer/InstallRunner.lua:93: Installation failed for Package(name=json-lsp) error=spawn: npm failed with exit code - and signal -. Could not find executable "npm" in PATH.

[ERROR Fri 04 Jul 2025 07:54:36 PM +06] ...al/share/nvim/lazy/mason.nvim/lua/mason-core/process.lua:225: Failed to spawn process. cmd="npm", err="ENOENT: no such file or directory"
[ERROR Fri 04 Jul 2025 07:54:36 PM +06] ...zy/mason.nvim/lua/mason-core/installer/InstallRunner.lua:93: Installation failed for Package(name=typescript-language-server) error=spawn: npm failed with exit code - and signal -. Could not find executable "npm" in PATH.

[WARN  Fri 04 Jul 2025 07:56:48 PM +06] ...nvim/lazy/mason.nvim/lua/mason-registry/sources/init.lua:148: Ignoring duplicate registry entry "github:mason-org/mason-registry" (duplicate of "github:mason-org/mason-registry")
[INFO  Fri 04 Jul 2025 07:56:49 PM +06] ...zy/mason.nvim/lua/mason-core/installer/InstallRunner.lua:40: Executing installer for Package(name=typescript-language-server) {
  debug = false,
  force = false,
  strict = false
}
[INFO  Fri 04 Jul 2025 07:56:49 PM +06] ...zy/mason.nvim/lua/mason-core/installer/InstallRunner.lua:40: Executing installer for Package(name=intelephense) {
  debug = false,
  force = false,
  strict = false
}
[INFO  Fri 04 Jul 2025 07:56:49 PM +06] ...zy/mason.nvim/lua/mason-core/installer/InstallRunner.lua:40: Executing installer for Package(name=json-lsp) {
  debug = false,
  force = false,
  strict = false
}
[INFO  Fri 04 Jul 2025 07:56:49 PM +06] ...zy/mason.nvim/lua/mason-core/installer/InstallRunner.lua:40: Executing installer for Package(name=tailwindcss-language-server) {
  debug = false,
  force = false,
  strict = false
}
[INFO  Fri 04 Jul 2025 07:56:49 PM +06] ...zy/mason.nvim/lua/mason-core/installer/InstallRunner.lua:40: Executing installer for Package(name=yaml-language-server) {
  debug = false,
  force = false,
  strict = false
}
[INFO  Fri 04 Jul 2025 07:56:49 PM +06] ...zy/mason.nvim/lua/mason-core/installer/InstallRunner.lua:40: Executing installer for Package(name=emmet-ls) {
  debug = false,
  force = false,
  strict = false
}
[ERROR Fri 04 Jul 2025 07:56:49 PM +06] ...l/share/nvim/lazy/mason.nvim/lua/mason-registry/init.lua:31: Cannot find package "\"volar\"".
[INFO  Fri 04 Jul 2025 07:57:07 PM +06] ...zy/mason.nvim/lua/mason-core/installer/InstallRunner.lua:86: Installation succeeded for Package(name=tailwindcss-language-server)
[INFO  Fri 04 Jul 2025 07:57:10 PM +06] ...zy/mason.nvim/lua/mason-core/installer/InstallRunner.lua:86: Installation succeeded for Package(name=typescript-language-server)
[ERROR Fri 04 Jul 2025 07:57:20 PM +06] ...zy/mason.nvim/lua/mason-core/installer/InstallRunner.lua:93: Installation failed for Package(name=emmet-ls) error="Installation was aborted."
[ERROR Fri 04 Jul 2025 07:57:20 PM +06] ...zy/mason.nvim/lua/mason-core/installer/InstallRunner.lua:93: Installation failed for Package(name=intelephense) error="Installation was aborted."
[ERROR Fri 04 Jul 2025 07:57:21 PM +06] ...zy/mason.nvim/lua/mason-core/installer/InstallRunner.lua:93: Installation failed for Package(name=yaml-language-server) error="Installation was aborted."
[ERROR Fri 04 Jul 2025 07:57:23 PM +06] ...zy/mason.nvim/lua/mason-core/installer/InstallRunner.lua:93: Installation failed for Package(name=json-lsp) error="Installation was aborted."
[WARN  Fri 04 Jul 2025 07:57:25 PM +06] ...nvim/lazy/mason.nvim/lua/mason-registry/sources/init.lua:148: Ignoring duplicate registry entry "github:mason-org/mason-registry" (duplicate of "github:mason-org/mason-registry")
[INFO  Fri 04 Jul 2025 07:57:27 PM +06] ...zy/mason.nvim/lua/mason-core/installer/InstallRunner.lua:40: Executing installer for Package(name=yaml-language-server) {
  debug = false,
  force = false,
  strict = false
}
[INFO  Fri 04 Jul 2025 07:57:27 PM +06] ...zy/mason.nvim/lua/mason-core/installer/InstallRunner.lua:40: Executing installer for Package(name=intelephense) {
  debug = false,
  force = false,
  strict = false
}
[INFO  Fri 04 Jul 2025 07:57:27 PM +06] ...zy/mason.nvim/lua/mason-core/installer/InstallRunner.lua:40: Executing installer for Package(name=json-lsp) {
  debug = false,
  force = false,
  strict = false
}
[INFO  Fri 04 Jul 2025 07:57:27 PM +06] ...zy/mason.nvim/lua/mason-core/installer/InstallRunner.lua:40: Executing installer for Package(name=emmet-ls) {
  debug = false,
  force = false,
  strict = false
}
[INFO  Fri 04 Jul 2025 07:57:35 PM +06] ...zy/mason.nvim/lua/mason-core/installer/InstallRunner.lua:86: Installation succeeded for Package(name=yaml-language-server)
[INFO  Fri 04 Jul 2025 07:57:36 PM +06] ...zy/mason.nvim/lua/mason-core/installer/InstallRunner.lua:86: Installation succeeded for Package(name=emmet-ls)
[INFO  Fri 04 Jul 2025 07:57:39 PM +06] ...zy/mason.nvim/lua/mason-core/installer/InstallRunner.lua:86: Installation succeeded for Package(name=json-lsp)
[INFO  Fri 04 Jul 2025 07:58:00 PM +06] ...zy/mason.nvim/lua/mason-core/installer/InstallRunner.lua:86: Installation succeeded for Package(name=intelephense)
[WARN  Fri 04 Jul 2025 07:59:58 PM +06] ...nvim/lazy/mason.nvim/lua/mason-registry/sources/init.lua:148: Ignoring duplicate registry entry "github:mason-org/mason-registry" (duplicate of "github:mason-org/mason-registry")
[WARN  Fri 04 Jul 2025 08:14:44 PM +06] ...nvim/lazy/mason.nvim/lua/mason-registry/sources/init.lua:148: Ignoring duplicate registry entry "github:mason-org/mason-registry" (duplicate of "github:mason-org/mason-registry")
[WARN  Fri 04 Jul 2025 08:20:01 PM +06] ...nvim/lazy/mason.nvim/lua/mason-registry/sources/init.lua:148: Ignoring duplicate registry entry "github:mason-org/mason-registry" (duplicate of "github:mason-org/mason-registry")
[WARN  Sun 06 Jul 2025 03:45:24 PM +06] ...nvim/lazy/mason.nvim/lua/mason-registry/sources/init.lua:148: Ignoring duplicate registry entry "github:mason-org/mason-registry" (duplicate of "github:mason-org/mason-registry")
[WARN  Sun 06 Jul 2025 03:54:05 PM +06] ...nvim/lazy/mason.nvim/lua/mason-registry/sources/init.lua:148: Ignoring duplicate registry entry "github:mason-org/mason-registry" (duplicate of "github:mason-org/mason-registry")
[WARN  Sun 06 Jul 2025 03:55:43 PM +06] ...nvim/lazy/mason.nvim/lua/mason-registry/sources/init.lua:148: Ignoring duplicate registry entry "github:mason-org/mason-registry" (duplicate of "github:mason-org/mason-registry")
[WARN  Sun 06 Jul 2025 03:56:54 PM +06] ...nvim/lazy/mason.nvim/lua/mason-registry/sources/init.lua:148: Ignoring duplicate registry entry "github:mason-org/mason-registry" (duplicate of "github:mason-org/mason-registry")
[WARN  Sun 06 Jul 2025 05:48:01 PM +06] ...nvim/lazy/mason.nvim/lua/mason-registry/sources/init.lua:148: Ignoring duplicate registry entry "github:mason-org/mason-registry" (duplicate of "github:mason-org/mason-registry")
[WARN  Wed 09 Jul 2025 05:15:32 AM +06] ...nvim/lazy/mason.nvim/lua/mason-registry/sources/init.lua:148: Ignoring duplicate registry entry "github:mason-org/mason-registry" (duplicate of "github:mason-org/mason-registry")
[WARN  Wed 09 Jul 2025 05:32:28 AM +06] ...nvim/lazy/mason.nvim/lua/mason-registry/sources/init.lua:148: Ignoring duplicate registry entry "github:mason-org/mason-registry" (duplicate of "github:mason-org/mason-registry")
[WARN  Wed 09 Jul 2025 05:59:58 AM +06] ...nvim/lazy/mason.nvim/lua/mason-registry/sources/init.lua:148: Ignoring duplicate registry entry "github:mason-org/mason-registry" (duplicate of "github:mason-org/mason-registry")
[WARN  Wed 09 Jul 2025 07:08:21 AM +06] ...nvim/lazy/mason.nvim/lua/mason-registry/sources/init.lua:148: Ignoring duplicate registry entry "github:mason-org/mason-registry" (duplicate of "github:mason-org/mason-registry")
